3-24-2022 13:20-debug: Start record console... {file(/Users/lamngo/Desktop/Cocos/FootballStar copy/temp/builder/log/web-desktop3-24-2022 13-20.log)}
3-24-2022 13:20-debug: cocos-service:(onBeforeBuild) start...0%
3-24-2022 13:20-debug: // ---- cocos-service:(onBeforeBuild) ----
3-24-2022 13:20-debug: Start build task, options:{"name":"football-with-art","platform":"web-desktop","buildPath":"project://build","debug":false,"md5Cache":false,"sourceMaps":false,"replaceSplashScreen":false,"mainBundleCompressionType":"merge_dep","mainBundleIsRemote":false,"mergeStartScene":false,"experimentalEraseModules":false,"compressTexture":true,"packAutoAtlas":true,"startScene":"d9d0e385-3a22-4533-84a8-ac5c27798510","scenes":[{"url":"db://assets/Scene/main.scene","uuid":"d9d0e385-3a22-4533-84a8-ac5c27798510","inBundle":false},{"url":"db://assets/Scene/over.scene","uuid":"05a558c0-8cd8-40fb-84c7-3069f62473ea","inBundle":false}],"outputName":"web-desktop","packages":{"web-desktop":{"resolution":{"designWidth":1080,"designHeight":1920},"polyfills":{"asyncFunctions":false}},"cocos-service":{"configID":"3996a1","services":[{"service_id":"235","service_component_name":"service-analytics","builder":"/Users/lamngo/.CocosCreator/.service/analytics/builder/builder.js","enable":true,"params":{"app_id":"649769247","store_id":"H5"}}]}}}
3-24-2022 13:20-debug: Build with Cocos Creator 3.4.1
3-24-2022 13:20-debug: Process: heapTotal 598.90MB heapUsed 504.98MB rss 714.16MB
3-24-2022 13:20-debug: =================================== Build Task (web-desktop) Start ================================
3-24-2022 13:20-debug: // ---- cocos-service:(onBeforeBuild) success ----
3-24-2022 13:20-debug: cocos-service:(onBeforeBuild)3%
3-24-2022 13:20-debug: Query all assets info in project
3-24-2022 13:20-debug: init custom config: keepNodeUuid: false, useCache: true
3-24-2022 13:20-debug: BuildAssetLibrary query-assets with assets 242
3-24-2022 13:20-debug:   Number of other assets: 418
3-24-2022 13:20-debug: web-desktop:(onAfterInit) start...3%
3-24-2022 13:20-debug: // ---- web-desktop:(onAfterInit) ----
3-24-2022 13:20-debug:   Number of all scripts: 6
3-24-2022 13:20-debug: // ---- web-desktop:(onAfterInit) success ----
3-24-2022 13:20-debug: web-desktop:(onAfterInit)5%
3-24-2022 13:20-debug: Reload project scripts start5%
3-24-2022 13:20-log: // ---- Reload project scripts ----
3-24-2022 13:20-debug: Process: heapTotal 599.13MB heapUsed 505.69MB rss 714.19MB
3-24-2022 13:20-debug: reload all scripts.
3-24-2022 13:20-debug:   Number of all scenes: 2
3-24-2022 13:20-debug: Process: heapTotal 599.13MB heapUsed 505.67MB rss 714.19MB
3-24-2022 13:20-debug: BuildAssetLibrary initialized with asset 364!
3-24-2022 13:20-debug: Incremental keys: 
3-24-2022 13:20-debug: Unregister BackgroundRolling
3-24-2022 13:20-debug: Unregister Crosshair
3-24-2022 13:20-debug: Unregister Touch
3-24-2022 13:20-debug: Invalidating 'pack:///mods/cce/internal/x/prerequisite-imports.js'
3-24-2022 13:20-debug: Invalidating 'pack:///mods/cce/internal/x/cc.js'
3-24-2022 13:20-debug: Invalidating 'pack:///mods/fs/0/assets/Scripts/BackgroundRolling.js'
3-24-2022 13:20-debug: Invalidating 'pack:///mods/fs/0/assets/Scripts/Ball.js'
3-24-2022 13:20-debug: Invalidating 'pack:///mods/fs/0/assets/Scripts/Crosshair.js'
3-24-2022 13:20-debug: Invalidating 'pack:///mods/cce/internal/code-quality/cr.js'
3-24-2022 13:20-debug: Invalidating 'pack:///mods/fs/0/assets/Scripts/GameController.js'
3-24-2022 13:20-debug: Invalidating 'pack:///mods/fs/0/assets/Scripts/Player.js'
3-24-2022 13:20-debug: Invalidating 'pack:///mods/fs/0/assets/Scripts/Touch.js'
3-24-2022 13:20-debug: [[Executor]] Module "pack:///mods/cce/internal/x/prerequisite-imports.js" loaded.
3-24-2022 13:20-debug: [[Executor]] Module "pack:///mods/cce/internal/x/cc.js" loaded.
3-24-2022 13:20-debug: [[Executor]] Register BackgroundRolling
3-24-2022 13:20-debug: [[Executor]] Module "pack:///mods/fs/0/assets/Scripts/BackgroundRolling.js" loaded.
3-24-2022 13:20-debug: [[Executor]] Register Ball
3-24-2022 13:20-debug: [[Executor]] Module "pack:///mods/fs/0/assets/Scripts/Ball.js" loaded.
3-24-2022 13:20-debug: [[Executor]] Module "pack:///mods/cce/internal/code-quality/cr.js" loaded.
3-24-2022 13:20-debug: [[Executor]] Register GameController
3-24-2022 13:20-debug: [[Executor]] Module "pack:///mods/fs/0/assets/Scripts/GameController.js" loaded.
3-24-2022 13:20-debug: [[Executor]] Register Player
3-24-2022 13:20-debug: [[Executor]] Module "pack:///mods/fs/0/assets/Scripts/Player.js" loaded.
3-24-2022 13:20-debug: [[Executor]] Register Crosshair
3-24-2022 13:20-debug: [[Executor]] Module "pack:///mods/fs/0/assets/Scripts/Crosshair.js" loaded.
3-24-2022 13:20-debug: [[Executor]] Register Touch
3-24-2022 13:20-debug: [[Executor]] Module "pack:///mods/fs/0/assets/Scripts/Touch.js" loaded.
3-24-2022 13:20-debug: [[Executor]] Module "pack:///mods/cce/internal/x/prerequisite-imports.js" loaded.
3-24-2022 13:20-debug: Reload project scripts √6%
3-24-2022 13:20-debug: Query asset bundle start6%
3-24-2022 13:20-log: // ---- Query asset bundle ----
3-24-2022 13:20-debug: Process: heapTotal 599.13MB heapUsed 506.02MB rss 714.21MB
3-24-2022 13:20-debug: Unregister Ball
3-24-2022 13:20-debug: Unregister GameController
3-24-2022 13:20-debug: Unregister Player
3-24-2022 13:20-debug: Query asset bundle √8%
3-24-2022 13:20-log: // ---- Query and organize assets ----
3-24-2022 13:20-debug: Process: heapTotal 599.13MB heapUsed 506.18MB rss 714.21MB
3-24-2022 13:20-debug: Query and organize assets start8%
3-24-2022 13:20-debug: Number of scenes: 2
3-24-2022 13:20-debug: Number of assets: 68
3-24-2022 13:20-debug: Number of asset bundle: 1
3-24-2022 13:20-debug: Organize scripts start9%
3-24-2022 13:20-debug: sort script group...
3-24-2022 13:20-debug: Process: heapTotal 599.13MB heapUsed 506.11MB rss 714.21MB
3-24-2022 13:20-debug: Organize texture compression tasks start10%
3-24-2022 13:20-log: // ---- Organize texture compression tasks ----
3-24-2022 13:20-debug: Process: heapTotal 599.13MB heapUsed 506.13MB rss 714.21MB
3-24-2022 13:20-debug: Organize scripts √10%
3-24-2022 13:20-debug: Query and organize assets √9%
3-24-2022 13:20-log: // ---- Organize scripts ----
3-24-2022 13:20-debug: Number of image-compress task: 0
3-24-2022 13:20-debug: Process: heapTotal 599.13MB heapUsed 506.51MB rss 714.21MB
3-24-2022 13:20-debug: Number of json group: 3
3-24-2022 13:20-debug: Group json √12%
3-24-2022 13:20-debug: Merging Texture2D json start12%
3-24-2022 13:20-log: // ---- Merging Texture2D json ----
3-24-2022 13:20-debug: Process: heapTotal 599.13MB heapUsed 506.56MB rss 714.21MB
3-24-2022 13:20-debug: Merging Texture2D json √14%
3-24-2022 13:20-debug:  start14%
3-24-2022 13:20-log: // ----  ----
3-24-2022 13:20-debug: Process: heapTotal 599.13MB heapUsed 506.59MB rss 714.21MB
3-24-2022 13:20-debug:  √15%
3-24-2022 13:20-debug: web-desktop:(onBeforeBuildAssets) start...15%
3-24-2022 13:20-debug: // ---- web-desktop:(onBeforeBuildAssets) ----
3-24-2022 13:20-debug: Process: heapTotal 599.13MB heapUsed 506.61MB rss 714.21MB
3-24-2022 13:20-debug: // ---- web-desktop:(onBeforeBuildAssets) success ----
3-24-2022 13:20-debug: web-desktop:(onBeforeBuildAssets)18%
3-24-2022 13:20-debug:  start18%
3-24-2022 13:20-log: // ----  ----
3-24-2022 13:20-debug: Process: heapTotal 599.13MB heapUsed 506.63MB rss 714.21MB
3-24-2022 13:20-debug: Organize texture compression tasks √11%
3-24-2022 13:20-debug: Group json start11%
3-24-2022 13:20-log: // ---- Group json ----
3-24-2022 13:20-debug: Build script18%
3-24-2022 13:20-debug: Process: heapTotal 614.38MB heapUsed 514.58MB rss 714.22MB
3-24-2022 13:20-debug: Copy externalScripts success!
3-24-2022 13:20-debug: Build script√18%
3-24-2022 13:20-debug: Build engine18%
3-24-2022 13:20-debug: Process: heapTotal 614.38MB heapUsed 525.36MB rss 714.23MB
3-24-2022 13:20-debug: Use cache engine: {link(/var/folders/ww/l9gf6zqj2gv298pfxmwysbcm0000gn/T/CocosCreator/3.4.1/builder/engine/75a46f51ccec9f6e0061bea5b95eab8a)}
3-24-2022 13:20-debug: {"debug":false,"sourceMaps":false,"includeModules":["base","gfx-webgl","2d","ui","physics-2d-box2d","intersection-2d","profiler","particle-2d","audio","video","webview","tween","tiled-map","spine","dragon-bones","marionette"],"engineVersion":"3.4.1","platform":"HTML5","md5Map":[],"engineName":"cocos-js","useCache":true,"ammoJsWasm":"fallback","assetURLFormat":"runtime-resolved","entry":"/Applications/CocosCreator/Creator/3.4.1/CocosCreator.app/Contents/Resources/resources/3d/engine"}
3-24-2022 13:20-debug: Build engine√18%
3-24-2022 13:20-debug:  √24%
3-24-2022 13:20-debug: Build auto-atlas start24%
3-24-2022 13:20-log: // ---- Build auto-atlas ----
3-24-2022 13:20-debug: Process: heapTotal 614.38MB heapUsed 526.72MB rss 714.23MB
3-24-2022 13:20-debug: Build auto-atlas √31%
3-24-2022 13:20-debug: Compress Image start31%
3-24-2022 13:20-log: // ---- Compress Image ----
3-24-2022 13:20-debug: Process: heapTotal 614.38MB heapUsed 526.74MB rss 714.23MB
3-24-2022 13:20-debug: Compress Image √37%
3-24-2022 13:20-debug: Copy the resource start37%
3-24-2022 13:20-log: // ---- Copy the resource ----
3-24-2022 13:20-debug: Process: heapTotal 614.38MB heapUsed 526.75MB rss 714.23MB
3-24-2022 13:20-debug: Asset Bundle(main) handle assets: 68
3-24-2022 13:20-debug: Process: heapTotal 614.38MB heapUsed 527.57MB rss 714.23MB
3-24-2022 13:20-debug: Build the grouped json and scatter files to the specified location start44%
3-24-2022 13:20-log: // ---- Build the grouped json and scatter files to the specified location ----
3-24-2022 13:20-debug: Copy the resource √44%
3-24-2022 13:20-debug: Json group(build-task/json) compile success，json number: 6
3-24-2022 13:20-debug: Json group(build-task/json) compile success，json number: 6
3-24-2022 13:20-debug: Json group(build-task/json) compile success，json number: 6
3-24-2022 13:20-debug: Build the grouped json and scatter files to the specified location √51%
3-24-2022 13:20-debug: Compress zip bundle start51%
3-24-2022 13:20-debug: Process: heapTotal 614.38MB heapUsed 526.33MB rss 714.23MB
3-24-2022 13:20-log: // ---- Compress zip bundle ----
3-24-2022 13:20-debug: Compress zip bundle √57%
3-24-2022 13:20-debug: Add md5 suffix to assets start57%
3-24-2022 13:20-log: // ---- Add md5 suffix to assets ----
3-24-2022 13:20-debug: Process: heapTotal 614.38MB heapUsed 526.35MB rss 714.23MB
3-24-2022 13:20-debug: Add md5 suffix to assets √68%
3-24-2022 13:20-debug: Init settings and config start68%
3-24-2022 13:20-log: // ---- Init settings and config ----
3-24-2022 13:20-debug: Process: heapTotal 614.38MB heapUsed 526.36MB rss 714.23MB
3-24-2022 13:20-debug: Init settings and config √68%
3-24-2022 13:20-debug: tasks.settings.macro does not defined in i18n
3-24-2022 13:20-debug: tasks.settings.macro start68%
3-24-2022 13:20-log: // ---- tasks.settings.macro ----
3-24-2022 13:20-debug: Process: heapTotal 614.38MB heapUsed 526.37MB rss 714.23MB
3-24-2022 13:20-debug: tasks.settings.macro √69%
3-24-2022 13:20-debug: Use cached settings start69%
3-24-2022 13:20-log: // ---- Use cached settings ----
3-24-2022 13:20-debug: Process: heapTotal 614.38MB heapUsed 526.88MB rss 714.23MB
3-24-2022 13:20-debug: Use cached settings √69%
3-24-2022 13:20-debug: custom joint texture layouts start69%
3-24-2022 13:20-log: // ---- custom joint texture layouts ----
3-24-2022 13:20-debug: Process: heapTotal 614.38MB heapUsed 527.06MB rss 714.23MB
3-24-2022 13:20-debug: custom joint texture layouts √70%
3-24-2022 13:20-debug: custom joint physics start70%
3-24-2022 13:20-log: // ---- custom joint physics ----
3-24-2022 13:20-debug: custom joint physics √70%
3-24-2022 13:20-debug: Process: heapTotal 614.38MB heapUsed 527.20MB rss 714.23MB
3-24-2022 13:20-debug: Fill script data to settings √71%
3-24-2022 13:20-log: // ---- Fill script data to settings ----
3-24-2022 13:20-log: // ---- Fill scene data to settings ----
3-24-2022 13:20-debug: Process: heapTotal 614.38MB heapUsed 527.21MB rss 714.23MB
3-24-2022 13:20-debug: Fill scene data to settings √71%
3-24-2022 13:20-debug: Organize assets groups，generate packedAssets and rawAssets data start71%
3-24-2022 13:20-log: // ---- Organize assets groups，generate packedAssets and rawAssets data ----
3-24-2022 13:20-debug: Process: heapTotal 614.38MB heapUsed 527.22MB rss 714.23MB
3-24-2022 13:20-debug: Organize assets groups，generate packedAssets and rawAssets data √72%
3-24-2022 13:20-debug: Generate md5AssetsMap from suffixMap to settings start72%
3-24-2022 13:20-log: // ---- Generate md5AssetsMap from suffixMap to settings ----
3-24-2022 13:20-debug: Process: heapTotal 614.38MB heapUsed 527.24MB rss 714.23MB
3-24-2022 13:20-debug: options.md5Cache is false.
3-24-2022 13:20-debug: Generate md5AssetsMap from suffixMap to settings √72%
3-24-2022 13:20-debug: web-desktop:(onBeforeCompressSettings) start...72%
3-24-2022 13:20-debug: // ---- web-desktop:(onBeforeCompressSettings) ----
3-24-2022 13:20-debug: Process: heapTotal 614.38MB heapUsed 527.25MB rss 714.23MB
3-24-2022 13:20-debug: // ---- web-desktop:(onBeforeCompressSettings) success ----
3-24-2022 13:20-debug: web-desktop:(onBeforeCompressSettings)75%
3-24-2022 13:20-debug: cocos-service:(onBeforeCompressSettings) start...75%
3-24-2022 13:20-debug: // ---- cocos-service:(onBeforeCompressSettings) ----
3-24-2022 13:20-debug: Process: heapTotal 614.38MB heapUsed 527.27MB rss 714.23MB
3-24-2022 13:20-debug: Process: heapTotal 614.38MB heapUsed 527.19MB rss 714.23MB
3-24-2022 13:20-debug: Fill scene data to settings start71%
3-24-2022 13:20-debug: Fill script data to settings start70%
3-24-2022 13:20-debug: // ---- cocos-service:(onBeforeCompressSettings) success ----
3-24-2022 13:20-debug: cocos-service:(onBeforeCompressSettings)77%
3-24-2022 13:20-debug:  start77%
3-24-2022 13:20-log: // ----  ----
3-24-2022 13:20-debug: Process: heapTotal 614.38MB heapUsed 528.28MB rss 714.23MB
3-24-2022 13:20-debug:  √78%
3-24-2022 13:20-debug: Compress settings.json and config.json √79%
3-24-2022 13:20-debug: Save config.json start79%
3-24-2022 13:20-log: // ---- Save config.json ----
3-24-2022 13:20-debug: Process: heapTotal 614.38MB heapUsed 528.42MB rss 714.23MB
3-24-2022 13:20-debug: Save config.json √80%
3-24-2022 13:20-debug: Save Settings.json start80%
3-24-2022 13:20-log: // ---- Save Settings.json ----
3-24-2022 13:20-debug: Process: heapTotal 614.38MB heapUsed 528.44MB rss 714.23MB
3-24-2022 13:20-debug: Save Settings.json √81%
3-24-2022 13:20-debug: Sort build template start81%
3-24-2022 13:20-log: // ---- Sort build template ----
3-24-2022 13:20-debug: Process: heapTotal 614.38MB heapUsed 528.57MB rss 714.23MB
3-24-2022 13:20-debug: Sort build template √82%
3-24-2022 13:20-debug: cocos-service:(onAfterCompressSettings) start...82%
3-24-2022 13:20-debug: // ---- cocos-service:(onAfterCompressSettings) ----
3-24-2022 13:20-debug: Process: heapTotal 614.38MB heapUsed 531.95MB rss 714.23MB
3-24-2022 13:20-debug: Compress settings.json and config.json start78%
3-24-2022 13:20-debug: Process: heapTotal 614.38MB heapUsed 528.36MB rss 714.23MB
3-24-2022 13:20-log: // ---- Compress settings.json and config.json ----
3-24-2022 13:20-debug: // ---- cocos-service:(onAfterCompressSettings) success ----
3-24-2022 13:20-debug: Process: heapTotal 614.38MB heapUsed 527.28MB rss 714.23MB
3-24-2022 13:20-debug: // ---- web-desktop:(onAfterBuild) success ----
3-24-2022 13:20-debug: web-desktop:(onAfterBuild)87%
3-24-2022 13:20-debug: cocos-service:(onAfterBuild) start...87%
3-24-2022 13:20-debug: // ---- cocos-service:(onAfterBuild) ----
3-24-2022 13:20-debug: web-desktop:(onAfterBuild) start...85%
3-24-2022 13:20-debug: // ---- web-desktop:(onAfterBuild) ----
3-24-2022 13:20-debug: cocos-service:(onAfterCompressSettings)85%
3-24-2022 13:20-debug: Process: heapTotal 614.38MB heapUsed 529.00MB rss 714.23MB
3-24-2022 13:20-debug: // ---- cocos-service:(onAfterBuild) success ----
3-24-2022 13:20-debug: cocos-service:(onAfterBuild)90%
3-24-2022 13:20-debug: build success in 15857 ms!
3-24-2022 13:20-debug: Stop record console. {file(/Users/lamngo/Desktop/Cocos/FootballStar copy/temp/builder/log/web-desktop3-24-2022 13-20.log)}
