2-17-2022 16:08-debug: Start record console... {file(/Users/lamngo/Desktop/Cocos/FootballStar/temp/builder/log/web-desktop2-17-2022 16-08.log)}
2-17-2022 16:08-debug: cocos-service:(onBeforeBuild) start...0%
2-17-2022 16:08-debug: // ---- cocos-service:(onBeforeBuild) ----
2-17-2022 16:08-debug: Process: heapTotal 208.98MB heapUsed 187.48MB rss 403.85MB
2-17-2022 16:08-debug: Build with Cocos Creator 3.3.2
2-17-2022 16:08-debug: Start build task, options:{"name":"lamngo-footballStar","platform":"web-desktop","buildPath":"project://build","debug":false,"md5Cache":false,"sourceMaps":false,"replaceSplashScreen":false,"mainBundleCompressionType":"merge_dep","mainBundleIsRemote":false,"mergeStartScene":false,"experimentalEraseModules":false,"compressTexture":true,"packAutoAtlas":true,"startScene":"05a558c0-8cd8-40fb-84c7-3069f62473ea","scenes":[{"url":"db://assets/Scene/over.scene","uuid":"05a558c0-8cd8-40fb-84c7-3069f62473ea","inBundle":false},{"url":"db://assets/Scene/scene.scene","uuid":"d9d0e385-3a22-4533-84a8-ac5c27798510","inBundle":false}],"outputName":"lamngo-footballstar","packages":{"web-desktop":{"resolution":{"designWidth":1080,"designHeight":1920},"polyfills":{"asyncFunctions":false}},"cocos-service":{"configID":"3996a1","services":[{"service_id":"235","service_component_name":"service-analytics","builder":"/Users/lamngo/.CocosCreator/.service/analytics/builder/builder.js","enable":true,"params":{"app_id":"649769247","store_id":"H5"}}]}}}
2-17-2022 16:08-debug: =================================== Build Task (lamngo-footballstar) Start ================================
2-17-2022 16:08-debug: // ---- cocos-service:(onBeforeBuild) success ----
2-17-2022 16:08-debug: cocos-service:(onBeforeBuild)3%
2-17-2022 16:08-debug: Query all assets info in project
2-17-2022 16:08-debug: BuildAssetLibrary query-assets with assets 194
2-17-2022 16:08-debug:   Number of all scripts: 4
2-17-2022 16:08-debug: web-desktop:(onAfterInit) start...3%
2-17-2022 16:08-debug: // ---- web-desktop:(onAfterInit) ----
2-17-2022 16:08-debug: Process: heapTotal 209.15MB heapUsed 190.13MB rss 404.09MB
2-17-2022 16:08-debug: // ---- web-desktop:(onAfterInit) success ----
2-17-2022 16:08-debug: web-desktop:(onAfterInit)5%
2-17-2022 16:08-debug:   Number of other assets: 279
2-17-2022 16:08-log: // ---- Reload project scripts ----
2-17-2022 16:08-debug: Process: heapTotal 209.15MB heapUsed 190.28MB rss 404.11MB
2-17-2022 16:08-debug: reload all scripts.
2-17-2022 16:08-debug:   Number of all scenes: 2
2-17-2022 16:08-debug: Reload project scripts start5%
2-17-2022 16:08-debug: BuildAssetLibrary initialized with asset 265!
2-17-2022 16:08-debug: [[Executor]] Module "cce:/internal/x/cc-fu/base" loaded.
2-17-2022 16:08-debug: [[Executor]] Module "cce:/internal/x/cc-fu/2d" loaded.
2-17-2022 16:08-debug: [[Executor]] Module "cce:/internal/x/cc-fu/ui" loaded.
2-17-2022 16:08-debug: [[Executor]] Module "cce:/internal/x/cc-fu/particle" loaded.
2-17-2022 16:08-debug: [[Executor]] Module "cce:/internal/x/cc-fu/particle-2d" loaded.
2-17-2022 16:08-debug: [[Executor]] Module "cce:/internal/x/cc-fu/physics-framework" loaded.
2-17-2022 16:08-debug: [[Executor]] Module "cce:/internal/x/cc-fu/physics-2d-framework" loaded.
2-17-2022 16:08-debug: [[Executor]] Module "cce:/internal/x/cc-fu/intersection-2d" loaded.
2-17-2022 16:08-debug: [[Executor]] Module "cce:/internal/x/cc-fu/primitive" loaded.
2-17-2022 16:08-debug: [[Executor]] Module "cce:/internal/x/cc-fu/profiler" loaded.
2-17-2022 16:08-debug: [[Executor]] Module "cce:/internal/x/cc-fu/3d" loaded.
2-17-2022 16:08-debug: [[Executor]] Module "cce:/internal/x/cc-fu/video" loaded.
2-17-2022 16:08-debug: [[Executor]] Module "cce:/internal/x/cc-fu/terrain" loaded.
2-17-2022 16:08-debug: [[Executor]] Module "cce:/internal/x/cc-fu/webview" loaded.
2-17-2022 16:08-debug: [[Executor]] Module "cce:/internal/x/cc-fu/tween" loaded.
2-17-2022 16:08-debug: [[Executor]] Module "cce:/internal/x/cc-fu/tiled-map" loaded.
2-17-2022 16:08-debug: [[Executor]] Module "cce:/internal/x/cc-fu/spine" loaded.
2-17-2022 16:08-debug: [[Executor]] Module "cce:/internal/x/cc-fu/dragon-bones" loaded.
2-17-2022 16:08-debug: [[Executor]] Module "pack:///mods/cce/internal/x/cc.js" loaded.
2-17-2022 16:08-debug: Invalidating 'pack:///mods/cce/internal/x/cc.js'
2-17-2022 16:08-debug: [[Executor]] Module "pack:///mods/cce/internal/x/prerequisite-imports.js" loaded.
2-17-2022 16:08-debug: [[Executor]] Module "pack:///mods/cce/internal/x/cc.js" loaded.
2-17-2022 16:08-debug: [[Executor]] Register Ball
2-17-2022 16:08-debug: [[Executor]] Module "pack:///mods/fs/0/assets/Scripts/Ball.js" loaded.
2-17-2022 16:08-debug: [[Executor]] Module "pack:///mods/cce/internal/code-quality/cr.js" loaded.
2-17-2022 16:08-debug: [[Executor]] Register GameController
2-17-2022 16:08-debug: [[Executor]] Module "pack:///mods/fs/0/assets/Scripts/GameController.js" loaded.
2-17-2022 16:08-debug: [[Executor]] Register Crosshair
2-17-2022 16:08-debug: [[Executor]] Module "pack:///mods/fs/0/assets/Scripts/Crosshair.js" loaded.
2-17-2022 16:08-debug: [[Executor]] Register Touch
2-17-2022 16:08-debug: [[Executor]] Module "pack:///mods/fs/0/assets/Scripts/Touch.js" loaded.
2-17-2022 16:08-debug: [[Executor]] Module "pack:///mods/cce/internal/x/prerequisite-imports.js" loaded.
2-17-2022 16:08-debug: Reload project scripts √6%
2-17-2022 16:08-debug: Query asset bundle start6%
2-17-2022 16:08-log: // ---- Query asset bundle ----
2-17-2022 16:08-debug: Process: heapTotal 209.15MB heapUsed 191.57MB rss 404.51MB
2-17-2022 16:08-debug: [[Executor]] Module "cce:/internal/x/cc-fu/gfx-webgl" loaded.
2-17-2022 16:08-debug: [[Executor]] Module "cce:/internal/x/cc-fu/audio" loaded.
2-17-2022 16:08-debug: [[Executor]] Module "cce:/internal/x/cc-fu/gfx-webgl2" loaded.
2-17-2022 16:08-debug: Query asset bundle √8%
2-17-2022 16:08-debug: Number of scenes: 2
2-17-2022 16:08-debug: Query and organize assets start8%
2-17-2022 16:08-debug: Process: heapTotal 209.15MB heapUsed 191.63MB rss 404.53MB
2-17-2022 16:08-log: // ---- Query and organize assets ----
2-17-2022 16:08-debug: Number of assets: 22
2-17-2022 16:08-debug: Number of asset bundle: 1
2-17-2022 16:08-debug: Process: heapTotal 209.15MB heapUsed 192.49MB rss 404.60MB
2-17-2022 16:08-debug: sort script group...
2-17-2022 16:08-debug: Organize scripts √10%
2-17-2022 16:08-debug: Organize texture compression tasks start10%
2-17-2022 16:08-log: // ---- Organize texture compression tasks ----
2-17-2022 16:08-debug: Process: heapTotal 209.15MB heapUsed 192.51MB rss 404.61MB
2-17-2022 16:08-debug: Query and organize assets √9%
2-17-2022 16:08-debug: Organize scripts start9%
2-17-2022 16:08-log: // ---- Organize scripts ----
2-17-2022 16:08-debug: Number of image-compress task: 0
2-17-2022 16:08-debug: Process: heapTotal 209.15MB heapUsed 192.60MB rss 404.89MB
2-17-2022 16:08-debug: Number of json group: 2
2-17-2022 16:08-debug: Group json √12%
2-17-2022 16:08-log: // ---- Group json ----
2-17-2022 16:08-log: // ---- Merging Texture2D json ----
2-17-2022 16:08-debug: Process: heapTotal 209.15MB heapUsed 192.63MB rss 404.89MB
2-17-2022 16:08-debug: Merging Texture2D json √14%
2-17-2022 16:08-debug:  start14%
2-17-2022 16:08-log: // ----  ----
2-17-2022 16:08-debug: Process: heapTotal 209.15MB heapUsed 192.64MB rss 404.90MB
2-17-2022 16:08-debug:  √15%
2-17-2022 16:08-debug: web-desktop:(onBeforeBuildAssets) start...15%
2-17-2022 16:08-debug: // ---- web-desktop:(onBeforeBuildAssets) ----
2-17-2022 16:08-debug: Process: heapTotal 209.15MB heapUsed 192.65MB rss 404.90MB
2-17-2022 16:08-debug: // ---- web-desktop:(onBeforeBuildAssets) success ----
2-17-2022 16:08-debug: web-desktop:(onBeforeBuildAssets)18%
2-17-2022 16:08-debug:  start18%
2-17-2022 16:08-log: // ----  ----
2-17-2022 16:08-debug: Process: heapTotal 209.15MB heapUsed 192.67MB rss 404.91MB
2-17-2022 16:08-debug: Group json start11%
2-17-2022 16:08-debug: Merging Texture2D json start12%
2-17-2022 16:08-debug: Organize texture compression tasks √11%
2-17-2022 16:08-debug: Build script18%
2-17-2022 16:08-debug: Process: heapTotal 229.40MB heapUsed 212.22MB rss 426.48MB
2-17-2022 16:08-debug: Copy externalScripts success!
2-17-2022 16:08-debug: Build script√18%
2-17-2022 16:08-debug: Build engine18%
2-17-2022 16:08-debug: Process: heapTotal 224.06MB heapUsed 189.72MB rss 439.08MB
2-17-2022 16:08-debug: Use cache engine: {link(/var/folders/ww/l9gf6zqj2gv298pfxmwysbcm0000gn/T/CocosCreator/3.3.2/builder/engine/2c95b09ffbe3bac0aefd68ef09548d9a)}
2-17-2022 16:08-debug: {"debug":false,"sourceMaps":false,"includeModules":["base","gfx-webgl","2d","ui","physics-2d-box2d","intersection-2d","profiler","particle-2d","audio","video","webview","tween","tiled-map","spine","dragon-bones"],"engineVersion":"3.3.2","platform":"HTML5","md5Map":[],"engineName":"cocos-js","useCache":true,"ammoJsWasm":"fallback","assetURLFormat":"runtime-resolved","entry":"/Applications/CocosCreator/Creator/3.3.2/CocosCreator.app/Contents/Resources/resources/3d/engine"}
2-17-2022 16:08-debug: Build engine√18%
2-17-2022 16:08-debug: Process: heapTotal 224.06MB heapUsed 190.98MB rss 439.10MB
2-17-2022 16:08-debug: Build auto-atlas √31%
2-17-2022 16:08-debug: Compress Image start31%
2-17-2022 16:08-log: // ---- Compress Image ----
2-17-2022 16:08-debug: Process: heapTotal 224.06MB heapUsed 191.00MB rss 439.10MB
2-17-2022 16:08-debug: Compress Image √37%
2-17-2022 16:08-debug: Copy the resource start37%
2-17-2022 16:08-log: // ---- Copy the resource ----
2-17-2022 16:08-debug: Process: heapTotal 224.06MB heapUsed 191.01MB rss 439.10MB
2-17-2022 16:08-debug:  √24%
2-17-2022 16:08-log: // ---- Build auto-atlas ----
2-17-2022 16:08-debug: Build auto-atlas start24%
2-17-2022 16:08-debug: Asset Bundle(main) handle assets: 22
2-17-2022 16:08-log: // ---- Build the grouped json and scatter files to the specified location ----
2-17-2022 16:08-debug: Copy the resource √44%
2-17-2022 16:08-debug: Build the grouped json and scatter files to the specified location start44%
2-17-2022 16:08-debug: Process: heapTotal 224.06MB heapUsed 191.18MB rss 439.14MB
2-17-2022 16:08-debug: Json group(build-task/json) compile success，json number: 6
2-17-2022 16:08-debug: Json group(build-task/json) compile success，json number: 6
2-17-2022 16:08-debug: Build the grouped json and scatter files to the specified location √51%
2-17-2022 16:08-debug: Compress zip bundle start51%
2-17-2022 16:08-log: // ---- Compress zip bundle ----
2-17-2022 16:08-debug: Process: heapTotal 224.06MB heapUsed 188.41MB rss 439.14MB
2-17-2022 16:08-debug: Compress zip bundle √57%
2-17-2022 16:08-log: // ---- Add md5 suffix to assets ----
2-17-2022 16:08-debug: Add md5 suffix to assets √68%
2-17-2022 16:08-debug: Init settings and config start68%
2-17-2022 16:08-debug: Process: heapTotal 224.06MB heapUsed 188.43MB rss 439.15MB
2-17-2022 16:08-debug: Init settings and config √68%
2-17-2022 16:08-debug: tasks.settings.macro does not defined in i18n
2-17-2022 16:08-debug: tasks.settings.macro start68%
2-17-2022 16:08-debug: Add md5 suffix to assets start57%
2-17-2022 16:08-debug: Process: heapTotal 224.06MB heapUsed 188.45MB rss 439.15MB
2-17-2022 16:08-debug: Process: heapTotal 224.06MB heapUsed 188.42MB rss 439.15MB
2-17-2022 16:08-log: // ---- Init settings and config ----
2-17-2022 16:08-log: // ---- tasks.settings.macro ----
2-17-2022 16:08-debug: tasks.settings.macro √69%
2-17-2022 16:08-debug: Use cached settings start69%
2-17-2022 16:08-log: // ---- Use cached settings ----
2-17-2022 16:08-debug: Process: heapTotal 224.06MB heapUsed 188.52MB rss 439.15MB
2-17-2022 16:08-debug: Use cached settings √69%
2-17-2022 16:08-log: // ---- custom joint texture layouts ----
2-17-2022 16:08-debug: Process: heapTotal 224.06MB heapUsed 188.58MB rss 439.15MB
2-17-2022 16:08-debug: custom joint texture layouts start69%
2-17-2022 16:08-debug: custom joint texture layouts √70%
2-17-2022 16:08-log: // ---- Fill script data to settings ----
2-17-2022 16:08-debug: custom joint physics √70%
2-17-2022 16:08-debug: Fill script data to settings start70%
2-17-2022 16:08-debug: custom joint physics start70%
2-17-2022 16:08-debug: Process: heapTotal 224.06MB heapUsed 188.62MB rss 439.16MB
2-17-2022 16:08-debug: Fill scene data to settings start71%
2-17-2022 16:08-log: // ---- Fill scene data to settings ----
2-17-2022 16:08-debug: Process: heapTotal 224.06MB heapUsed 188.63MB rss 439.16MB
2-17-2022 16:08-debug: Fill scene data to settings √71%
2-17-2022 16:08-debug: Organize assets groups，generate packedAssets and rawAssets data start71%
2-17-2022 16:08-log: // ---- Organize assets groups，generate packedAssets and rawAssets data ----
2-17-2022 16:08-debug: Process: heapTotal 224.06MB heapUsed 188.65MB rss 439.16MB
2-17-2022 16:08-debug: Organize assets groups，generate packedAssets and rawAssets data √72%
2-17-2022 16:08-debug: Generate md5AssetsMap from suffixMap to settings start72%
2-17-2022 16:08-log: // ---- Generate md5AssetsMap from suffixMap to settings ----
2-17-2022 16:08-debug: Process: heapTotal 224.06MB heapUsed 188.66MB rss 439.16MB
2-17-2022 16:08-debug: options.md5Cache is false.
2-17-2022 16:08-debug: Generate md5AssetsMap from suffixMap to settings √72%
2-17-2022 16:08-debug: // ---- web-desktop:(onBeforeCompressSettings) ----
2-17-2022 16:08-debug: web-desktop:(onBeforeCompressSettings) start...72%
2-17-2022 16:08-debug: Process: heapTotal 224.06MB heapUsed 188.67MB rss 439.16MB
2-17-2022 16:08-debug: // ---- web-desktop:(onBeforeCompressSettings) success ----
2-17-2022 16:08-debug: web-desktop:(onBeforeCompressSettings)75%
2-17-2022 16:08-debug: cocos-service:(onBeforeCompressSettings) start...75%
2-17-2022 16:08-debug: // ---- cocos-service:(onBeforeCompressSettings) ----
2-17-2022 16:08-debug: Process: heapTotal 224.06MB heapUsed 188.69MB rss 439.16MB
2-17-2022 16:08-debug: Fill script data to settings √71%
2-17-2022 16:08-log: // ---- custom joint physics ----
2-17-2022 16:08-debug: Process: heapTotal 224.06MB heapUsed 188.61MB rss 439.15MB
2-17-2022 16:08-debug: // ---- cocos-service:(onBeforeCompressSettings) success ----
2-17-2022 16:08-debug: cocos-service:(onBeforeCompressSettings)77%
2-17-2022 16:08-debug:  start77%
2-17-2022 16:08-log: // ----  ----
2-17-2022 16:08-debug: Process: heapTotal 224.06MB heapUsed 188.94MB rss 439.16MB
2-17-2022 16:08-debug:  √78%
2-17-2022 16:08-debug: Compress settings.json and config.json start78%
2-17-2022 16:08-debug: Process: heapTotal 224.06MB heapUsed 188.97MB rss 439.17MB
2-17-2022 16:08-debug: Compress settings.json and config.json √79%
2-17-2022 16:08-debug: Save config.json start79%
2-17-2022 16:08-log: // ---- Save config.json ----
2-17-2022 16:08-debug: Save config.json √80%
2-17-2022 16:08-log: // ---- Compress settings.json and config.json ----
2-17-2022 16:08-debug: Process: heapTotal 224.06MB heapUsed 189.01MB rss 439.18MB
2-17-2022 16:08-debug: Save Settings.json start80%
2-17-2022 16:08-debug: Process: heapTotal 224.06MB heapUsed 189.03MB rss 439.18MB
2-17-2022 16:08-log: // ---- Save Settings.json ----
2-17-2022 16:08-debug: Save Settings.json √81%
2-17-2022 16:08-debug: Sort build template start81%
2-17-2022 16:08-log: // ---- Sort build template ----
2-17-2022 16:08-debug: Process: heapTotal 224.06MB heapUsed 189.13MB rss 439.18MB
2-17-2022 16:08-debug: Sort build template √82%
2-17-2022 16:08-debug: // ---- cocos-service:(onAfterCompressSettings) ----
2-17-2022 16:08-debug: cocos-service:(onAfterCompressSettings) start...82%
2-17-2022 16:08-debug: Process: heapTotal 224.06MB heapUsed 188.44MB rss 439.45MB
2-17-2022 16:08-debug: // ---- cocos-service:(onAfterCompressSettings) success ----
2-17-2022 16:08-debug: web-desktop:(onAfterBuild) start...85%
2-17-2022 16:08-debug: // ---- web-desktop:(onAfterBuild) success ----
2-17-2022 16:08-debug: web-desktop:(onAfterBuild)87%
2-17-2022 16:08-debug: cocos-service:(onAfterBuild) start...87%
2-17-2022 16:08-debug: // ---- cocos-service:(onAfterBuild) ----
2-17-2022 16:08-debug: Process: heapTotal 224.06MB heapUsed 191.28MB rss 439.61MB
2-17-2022 16:08-debug: cocos-service:(onAfterCompressSettings)85%
2-17-2022 16:08-debug: // ---- web-desktop:(onAfterBuild) ----
2-17-2022 16:08-debug: Process: heapTotal 224.06MB heapUsed 189.10MB rss 439.49MB
2-17-2022 16:08-debug: // ---- cocos-service:(onAfterBuild) success ----
2-17-2022 16:08-debug: cocos-service:(onAfterBuild)90%
2-17-2022 16:08-debug: build success in 15571 ms!
2-17-2022 16:08-debug: Stop record console. {file(/Users/lamngo/Desktop/Cocos/FootballStar/temp/builder/log/web-desktop2-17-2022 16-08.log)}
