3-23-2022 11:10-debug: Start record console... {file(/Users/lamngo/Desktop/Cocos/FootballStar copy/temp/builder/log/web-mobile3-23-2022 11-10.log)}
3-23-2022 11:10-debug: cocos-service:(onBeforeBuild) start...0%
3-23-2022 11:10-debug: // ---- cocos-service:(onBeforeBuild) ----
3-23-2022 11:10-debug: Process: heapTotal 194.12MB heapUsed 170.42MB rss 491.10MB
3-23-2022 11:10-debug: =================================== Build Task (lamngo-football-art) Start ================================
3-23-2022 11:10-debug: Start build task, options:{"name":"football-with-art","platform":"web-mobile","buildPath":"project://build","debug":false,"md5Cache":false,"sourceMaps":false,"replaceSplashScreen":false,"mainBundleCompressionType":"merge_dep","mainBundleIsRemote":false,"mergeStartScene":false,"experimentalEraseModules":false,"compressTexture":true,"packAutoAtlas":true,"startScene":"d9d0e385-3a22-4533-84a8-ac5c27798510","scenes":[{"url":"db://assets/Scene/main.scene","uuid":"d9d0e385-3a22-4533-84a8-ac5c27798510","inBundle":false},{"url":"db://assets/Scene/over.scene","uuid":"05a558c0-8cd8-40fb-84c7-3069f62473ea","inBundle":false}],"outputName":"lamngo-football-art","packages":{"web-mobile":{"orientation":"auto","polyfills":{"asyncFunctions":true}},"cocos-service":{"configID":"3996a1","services":[{"service_id":"235","service_component_name":"service-analytics","builder":"/Users/lamngo/.CocosCreator/.service/analytics/builder/builder.js","enable":true,"params":{"app_id":"649769247","store_id":"H5"}}]}}}
3-23-2022 11:10-debug: Build with Cocos Creator 3.4.1
3-23-2022 11:10-debug: // ---- cocos-service:(onBeforeBuild) success ----
3-23-2022 11:10-debug: cocos-service:(onBeforeBuild)3%
3-23-2022 11:10-debug: Query all assets info in project
3-23-2022 11:10-debug: init custom config: keepNodeUuid: false, useCache: true
3-23-2022 11:10-debug: BuildAssetLibrary query-assets with assets 236
3-23-2022 11:10-debug:   Number of other assets: 398
3-23-2022 11:10-debug: web-mobile:(onAfterInit) start...3%
3-23-2022 11:10-debug: // ---- web-mobile:(onAfterInit) ----
3-23-2022 11:10-debug: Process: heapTotal 194.34MB heapUsed 173.34MB rss 491.19MB
3-23-2022 11:10-debug: // ---- web-mobile:(onAfterInit) success ----
3-23-2022 11:10-debug:   Number of all scenes: 2
3-23-2022 11:10-debug: Reload project scripts start5%
3-23-2022 11:10-log: // ---- Reload project scripts ----
3-23-2022 11:10-debug: Process: heapTotal 194.34MB heapUsed 173.37MB rss 491.20MB
3-23-2022 11:10-debug: reload all scripts.
3-23-2022 11:10-debug: web-mobile:(onAfterInit)5%
3-23-2022 11:10-debug:   Number of all scripts: 4
3-23-2022 11:10-debug: BuildAssetLibrary initialized with asset 350!
3-23-2022 11:10-debug: Incremental keys: 
3-23-2022 11:10-debug: [[Executor]] Module "cce:/internal/x/cc-fu/base" loaded.
3-23-2022 11:10-debug: [[Executor]] Module "cce:/internal/x/cc-fu/2d" loaded.
3-23-2022 11:10-debug: [[Executor]] Module "cce:/internal/x/cc-fu/ui" loaded.
3-23-2022 11:10-debug: [[Executor]] Module "cce:/internal/x/cc-fu/particle" loaded.
3-23-2022 11:10-debug: [[Executor]] Module "cce:/internal/x/cc-fu/particle-2d" loaded.
3-23-2022 11:10-debug: [[Executor]] Module "cce:/internal/x/cc-fu/physics-framework" loaded.
3-23-2022 11:10-debug: [[Executor]] Module "cce:/internal/x/cc-fu/physics-2d-framework" loaded.
3-23-2022 11:10-debug: [[Executor]] Module "cce:/internal/x/cc-fu/intersection-2d" loaded.
3-23-2022 11:10-debug: [[Executor]] Module "cce:/internal/x/cc-fu/primitive" loaded.
3-23-2022 11:10-debug: [[Executor]] Module "cce:/internal/x/cc-fu/profiler" loaded.
3-23-2022 11:10-debug: [[Executor]] Module "cce:/internal/x/cc-fu/audio" loaded.
3-23-2022 11:10-debug: [[Executor]] Module "cce:/internal/x/cc-fu/video" loaded.
3-23-2022 11:10-debug: [[Executor]] Module "cce:/internal/x/cc-fu/terrain" loaded.
3-23-2022 11:10-debug: [[Executor]] Module "cce:/internal/x/cc-fu/webview" loaded.
3-23-2022 11:10-debug: [[Executor]] Module "cce:/internal/x/cc-fu/tween" loaded.
3-23-2022 11:10-debug: [[Executor]] Module "cce:/internal/x/cc-fu/tiled-map" loaded.
3-23-2022 11:10-debug: [[Executor]] Module "cce:/internal/x/cc-fu/spine" loaded.
3-23-2022 11:10-debug: [[Executor]] Module "cce:/internal/x/cc-fu/dragon-bones" loaded.
3-23-2022 11:10-debug: [[Executor]] Module "pack:///mods/cce/internal/x/cc.js" loaded.
3-23-2022 11:10-debug: Invalidating 'pack:///mods/cce/internal/x/cc.js'
3-23-2022 11:10-debug: [[Executor]] Module "pack:///mods/cce/internal/x/prerequisite-imports.js" loaded.
3-23-2022 11:10-debug: [[Executor]] Module "pack:///mods/cce/internal/x/cc.js" loaded.
3-23-2022 11:10-debug: [[Executor]] Register Ball
3-23-2022 11:10-debug: [[Executor]] Module "pack:///mods/fs/0/assets/Scripts/Ball.js" loaded.
3-23-2022 11:10-debug: [[Executor]] Module "pack:///mods/cce/internal/code-quality/cr.js" loaded.
3-23-2022 11:10-debug: [[Executor]] Register GameController
3-23-2022 11:10-debug: [[Executor]] Module "pack:///mods/fs/0/assets/Scripts/GameController.js" loaded.
3-23-2022 11:10-debug: [[Executor]] Register Crosshair
3-23-2022 11:10-debug: [[Executor]] Module "pack:///mods/fs/0/assets/Scripts/Crosshair.js" loaded.
3-23-2022 11:10-debug: [[Executor]] Register Touch
3-23-2022 11:10-debug: [[Executor]] Module "pack:///mods/fs/0/assets/Scripts/Touch.js" loaded.
3-23-2022 11:10-debug: [[Executor]] Module "pack:///mods/cce/internal/x/prerequisite-imports.js" loaded.
3-23-2022 11:10-debug: Reload project scripts √6%
3-23-2022 11:10-debug: Query asset bundle start6%
3-23-2022 11:10-log: // ---- Query asset bundle ----
3-23-2022 11:10-debug: Process: heapTotal 194.34MB heapUsed 174.87MB rss 491.38MB
3-23-2022 11:10-debug: [[Executor]] Module "cce:/internal/x/cc-fu/gfx-webgl2" loaded.
3-23-2022 11:10-debug: [[Executor]] Module "cce:/internal/x/cc-fu/3d" loaded.
3-23-2022 11:10-debug: [[Executor]] Module "cce:/internal/x/cc-fu/gfx-webgl" loaded.
3-23-2022 11:10-debug: Query asset bundle √8%
3-23-2022 11:10-debug: Number of scenes: 2
3-23-2022 11:10-log: // ---- Query and organize assets ----
3-23-2022 11:10-debug: Process: heapTotal 194.34MB heapUsed 174.99MB rss 491.38MB
3-23-2022 11:10-debug: Query and organize assets start8%
3-23-2022 11:10-debug: Number of assets: 68
3-23-2022 11:10-log: // ---- Organize scripts ----
3-23-2022 11:10-debug: Process: heapTotal 195.12MB heapUsed 172.35MB rss 491.48MB
3-23-2022 11:10-debug: sort script group...
3-23-2022 11:10-debug: Organize scripts √10%
3-23-2022 11:10-debug: Organize texture compression tasks start10%
3-23-2022 11:10-log: // ---- Organize texture compression tasks ----
3-23-2022 11:10-debug: Process: heapTotal 195.12MB heapUsed 172.37MB rss 491.48MB
3-23-2022 11:10-debug: Query and organize assets √9%
3-23-2022 11:10-debug: Organize scripts start9%
3-23-2022 11:10-debug: Number of asset bundle: 1
3-23-2022 11:10-debug: Number of image-compress task: 0
3-23-2022 11:10-debug: Process: heapTotal 195.12MB heapUsed 172.67MB rss 491.81MB
3-23-2022 11:10-debug: Number of json group: 3
3-23-2022 11:10-debug: Group json √12%
3-23-2022 11:10-debug: Merging Texture2D json start12%
3-23-2022 11:10-log: // ---- Merging Texture2D json ----
3-23-2022 11:10-debug: Process: heapTotal 195.12MB heapUsed 172.73MB rss 491.82MB
3-23-2022 11:10-debug: Merging Texture2D json √14%
3-23-2022 11:10-debug:  start14%
3-23-2022 11:10-log: // ----  ----
3-23-2022 11:10-debug: Process: heapTotal 195.12MB heapUsed 172.76MB rss 491.89MB
3-23-2022 11:10-debug:  √15%
3-23-2022 11:10-debug: web-mobile:(onBeforeBuildAssets) start...15%
3-23-2022 11:10-debug: // ---- web-mobile:(onBeforeBuildAssets) ----
3-23-2022 11:10-debug: Process: heapTotal 195.12MB heapUsed 172.77MB rss 491.90MB
3-23-2022 11:10-debug: // ---- web-mobile:(onBeforeBuildAssets) success ----
3-23-2022 11:10-debug: web-mobile:(onBeforeBuildAssets)18%
3-23-2022 11:10-debug:  start18%
3-23-2022 11:10-log: // ----  ----
3-23-2022 11:10-debug: Process: heapTotal 195.12MB heapUsed 172.79MB rss 491.91MB
3-23-2022 11:10-log: // ---- Group json ----
3-23-2022 11:10-debug: Group json start11%
3-23-2022 11:10-debug: Organize texture compression tasks √11%
3-23-2022 11:10-warn: Browserslist: caniuse-lite is outdated. Please run:npx browserslist@latest --update-db
3-23-2022 11:10-warn: Browserslist: caniuse-lite is outdated. Please run:npx browserslist@latest --update-dbWhy you should do it regularly:https://github.com/browserslist/browserslist#browsers-data-updating
3-23-2022 11:10-debug: Build script18%
3-23-2022 11:10-debug: Process: heapTotal 216.04MB heapUsed 198.88MB rss 515.66MB
3-23-2022 11:11-debug: Copy externalScripts success!
3-23-2022 11:11-debug: Build script√18%
3-23-2022 11:11-debug: Build engine18%
3-23-2022 11:11-debug: Process: heapTotal 230.04MB heapUsed 211.68MB rss 529.92MB
3-23-2022 11:11-debug: Use cache engine: {link(/var/folders/ww/l9gf6zqj2gv298pfxmwysbcm0000gn/T/CocosCreator/3.4.1/builder/engine/ebc0da48c3035ad6458333a16539f668)}
3-23-2022 11:11-debug: {"debug":false,"sourceMaps":false,"includeModules":["base","gfx-webgl","2d","ui","physics-2d-box2d","intersection-2d","profiler","particle-2d","audio","video","webview","tween","tiled-map","spine","dragon-bones","marionette"],"engineVersion":"3.4.1","platform":"HTML5","md5Map":[],"engineName":"cocos-js","useCache":true,"split":false,"ammoJsWasm":"fallback","assetURLFormat":"runtime-resolved","entry":"/Applications/CocosCreator/Creator/3.4.1/CocosCreator.app/Contents/Resources/resources/3d/engine"}
3-23-2022 11:11-debug: Build engine√18%
3-23-2022 11:11-debug:  √24%
3-23-2022 11:11-debug: Build auto-atlas start24%
3-23-2022 11:11-log: // ---- Build auto-atlas ----
3-23-2022 11:11-debug: Process: heapTotal 230.04MB heapUsed 213.29MB rss 530.06MB
3-23-2022 11:11-debug: Compress Image start31%
3-23-2022 11:11-debug: Build auto-atlas √31%
3-23-2022 11:11-log: // ---- Compress Image ----
3-23-2022 11:11-debug: Process: heapTotal 230.04MB heapUsed 213.31MB rss 530.06MB
3-23-2022 11:11-debug: Compress Image √37%
3-23-2022 11:11-debug: Copy the resource start37%
3-23-2022 11:11-log: // ---- Copy the resource ----
3-23-2022 11:11-debug: Process: heapTotal 230.04MB heapUsed 213.32MB rss 530.06MB
3-23-2022 11:11-debug: Asset Bundle(main) handle assets: 68
3-23-2022 11:11-debug: Copy the resource √44%
3-23-2022 11:11-debug: Build the grouped json and scatter files to the specified location start44%
3-23-2022 11:11-log: // ---- Build the grouped json and scatter files to the specified location ----
3-23-2022 11:11-debug: Process: heapTotal 230.04MB heapUsed 214.00MB rss 530.11MB
3-23-2022 11:11-debug: Json group(build-task/json) compile success，json number: 6
3-23-2022 11:11-debug: Json group(build-task/json) compile success，json number: 6
3-23-2022 11:11-debug: Json group(build-task/json) compile success，json number: 6
3-23-2022 11:11-debug: Build the grouped json and scatter files to the specified location √51%
3-23-2022 11:11-debug: Compress zip bundle start51%
3-23-2022 11:11-debug: Compress zip bundle √57%
3-23-2022 11:11-log: // ---- Add md5 suffix to assets ----
3-23-2022 11:11-debug: Process: heapTotal 232.29MB heapUsed 213.02MB rss 531.25MB
3-23-2022 11:11-debug: Add md5 suffix to assets √68%
3-23-2022 11:11-debug: Init settings and config start68%
3-23-2022 11:11-log: // ---- Init settings and config ----
3-23-2022 11:11-debug: Process: heapTotal 232.29MB heapUsed 213.03MB rss 531.25MB
3-23-2022 11:11-debug: Init settings and config √68%
3-23-2022 11:11-debug: tasks.settings.macro does not defined in i18n
3-23-2022 11:11-debug: tasks.settings.macro start68%
3-23-2022 11:11-log: // ---- tasks.settings.macro ----
3-23-2022 11:11-debug: Process: heapTotal 232.29MB heapUsed 213.04MB rss 531.26MB
3-23-2022 11:11-log: // ---- Compress zip bundle ----
3-23-2022 11:11-debug: Process: heapTotal 232.29MB heapUsed 212.99MB rss 531.25MB
3-23-2022 11:11-debug: Add md5 suffix to assets start57%
3-23-2022 11:11-debug: tasks.settings.macro √69%
3-23-2022 11:11-debug: Use cached settings start69%
3-23-2022 11:11-debug: Process: heapTotal 232.29MB heapUsed 213.37MB rss 531.27MB
3-23-2022 11:11-log: // ---- Use cached settings ----
3-23-2022 11:11-debug: Use cached settings √69%
3-23-2022 11:11-log: // ---- custom joint texture layouts ----
3-23-2022 11:11-debug: custom joint texture layouts start69%
3-23-2022 11:11-debug: Process: heapTotal 232.29MB heapUsed 213.49MB rss 531.27MB
3-23-2022 11:11-debug: custom joint physics start70%
3-23-2022 11:11-debug: Process: heapTotal 232.29MB heapUsed 213.58MB rss 531.27MB
3-23-2022 11:11-debug: custom joint physics √70%
3-23-2022 11:11-debug: Fill script data to settings start70%
3-23-2022 11:11-log: // ---- Fill script data to settings ----
3-23-2022 11:11-debug: Process: heapTotal 232.29MB heapUsed 213.59MB rss 531.27MB
3-23-2022 11:11-debug: Fill scene data to settings start71%
3-23-2022 11:11-debug: Fill script data to settings √71%
3-23-2022 11:11-debug: custom joint texture layouts √70%
3-23-2022 11:11-log: // ---- Fill scene data to settings ----
3-23-2022 11:11-debug: Process: heapTotal 232.29MB heapUsed 213.60MB rss 531.28MB
3-23-2022 11:11-debug: Fill scene data to settings √71%
3-23-2022 11:11-debug: Organize assets groups，generate packedAssets and rawAssets data start71%
3-23-2022 11:11-log: // ---- Organize assets groups，generate packedAssets and rawAssets data ----
3-23-2022 11:11-debug: Process: heapTotal 232.29MB heapUsed 213.62MB rss 531.29MB
3-23-2022 11:11-debug: Organize assets groups，generate packedAssets and rawAssets data √72%
3-23-2022 11:11-debug: Generate md5AssetsMap from suffixMap to settings start72%
3-23-2022 11:11-log: // ---- Generate md5AssetsMap from suffixMap to settings ----
3-23-2022 11:11-debug: Process: heapTotal 232.29MB heapUsed 213.63MB rss 531.29MB
3-23-2022 11:11-debug: options.md5Cache is false.
3-23-2022 11:11-debug: Generate md5AssetsMap from suffixMap to settings √72%
3-23-2022 11:11-debug: // ---- web-mobile:(onBeforeCompressSettings) ----
3-23-2022 11:11-debug: web-mobile:(onBeforeCompressSettings) start...72%
3-23-2022 11:11-debug: Process: heapTotal 232.29MB heapUsed 213.65MB rss 531.29MB
3-23-2022 11:11-debug: // ---- web-mobile:(onBeforeCompressSettings) success ----
3-23-2022 11:11-debug: web-mobile:(onBeforeCompressSettings)75%
3-23-2022 11:11-debug: // ---- cocos-service:(onBeforeCompressSettings) ----
3-23-2022 11:11-debug: cocos-service:(onBeforeCompressSettings) start...75%
3-23-2022 11:11-log: // ---- custom joint physics ----
3-23-2022 11:11-debug: Process: heapTotal 232.29MB heapUsed 213.67MB rss 531.29MB
3-23-2022 11:11-debug: // ---- cocos-service:(onBeforeCompressSettings) success ----
3-23-2022 11:11-debug: cocos-service:(onBeforeCompressSettings)77%
3-23-2022 11:11-debug:  start77%
3-23-2022 11:11-log: // ----  ----
3-23-2022 11:11-debug: Process: heapTotal 232.29MB heapUsed 214.34MB rss 531.29MB
3-23-2022 11:11-debug:  √78%
3-23-2022 11:11-debug: Compress settings.json and config.json start78%
3-23-2022 11:11-log: // ---- Compress settings.json and config.json ----
3-23-2022 11:11-debug: Process: heapTotal 232.29MB heapUsed 214.44MB rss 531.29MB
3-23-2022 11:11-debug: Compress settings.json and config.json √79%
3-23-2022 11:11-debug: Save config.json start79%
3-23-2022 11:11-log: // ---- Save config.json ----
3-23-2022 11:11-debug: Process: heapTotal 232.29MB heapUsed 214.51MB rss 531.30MB
3-23-2022 11:11-debug: Save config.json √80%
3-23-2022 11:11-debug: Save Settings.json start80%
3-23-2022 11:11-log: // ---- Save Settings.json ----
3-23-2022 11:11-debug: Process: heapTotal 232.29MB heapUsed 214.53MB rss 531.31MB
3-23-2022 11:11-debug: Save Settings.json √81%
3-23-2022 11:11-debug: Process: heapTotal 232.29MB heapUsed 214.63MB rss 531.31MB
3-23-2022 11:11-log: // ---- Sort build template ----
3-23-2022 11:11-debug: Sort build template √82%
3-23-2022 11:11-debug: cocos-service:(onAfterCompressSettings) start...82%
3-23-2022 11:11-debug: // ---- cocos-service:(onAfterCompressSettings) ----
3-23-2022 11:11-debug: Process: heapTotal 233.29MB heapUsed 213.45MB rss 532.77MB
3-23-2022 11:11-debug: Sort build template start81%
3-23-2022 11:11-debug: // ---- cocos-service:(onAfterCompressSettings) success ----
3-23-2022 11:11-debug: cocos-service:(onAfterCompressSettings)85%
3-23-2022 11:11-debug: web-mobile:(onAfterBuild) start...85%
3-23-2022 11:11-debug: // ---- web-mobile:(onAfterBuild) ----
3-23-2022 11:11-debug: Process: heapTotal 232.40MB heapUsed 184.62MB rss 533.11MB
3-23-2022 11:11-debug: // ---- web-mobile:(onAfterBuild) success ----
3-23-2022 11:11-debug: web-mobile:(onAfterBuild)87%
3-23-2022 11:11-debug: cocos-service:(onAfterBuild) start...87%
3-23-2022 11:11-debug: // ---- cocos-service:(onAfterBuild) ----
3-23-2022 11:11-debug: Process: heapTotal 232.40MB heapUsed 187.04MB rss 533.12MB
3-23-2022 11:11-debug: // ---- cocos-service:(onAfterBuild) success ----
3-23-2022 11:11-debug: cocos-service:(onAfterBuild)90%
3-23-2022 11:11-debug: build success in 17289 ms!
3-23-2022 11:11-debug: Stop record console. {file(/Users/lamngo/Desktop/Cocos/FootballStar copy/temp/builder/log/web-mobile3-23-2022 11-10.log)}
