3-22-2022 16:21-debug: Start record console... {file(/Users/lamngo/Desktop/Cocos/FootballStar copy/temp/builder/log/web-mobile3-22-2022 16-21.log)}
3-22-2022 16:21-debug: =================================== Build Task (football--art) Start ================================
3-22-2022 16:21-debug: Start build task, options:{"name":"football-with-art","platform":"web-mobile","buildPath":"project://build","debug":false,"md5Cache":false,"sourceMaps":false,"replaceSplashScreen":false,"mainBundleCompressionType":"merge_dep","mainBundleIsRemote":false,"mergeStartScene":false,"experimentalEraseModules":false,"compressTexture":true,"packAutoAtlas":true,"startScene":"d9d0e385-3a22-4533-84a8-ac5c27798510","scenes":[{"url":"db://assets/Scene/main.scene","uuid":"d9d0e385-3a22-4533-84a8-ac5c27798510","inBundle":false},{"url":"db://assets/Scene/over.scene","uuid":"05a558c0-8cd8-40fb-84c7-3069f62473ea","inBundle":false}],"outputName":"football--art","packages":{"web-mobile":{"orientation":"auto","polyfills":{"asyncFunctions":true}},"cocos-service":{"configID":"3996a1","services":[{"service_id":"235","service_component_name":"service-analytics","builder":"/Users/lamngo/.CocosCreator/.service/analytics/builder/builder.js","enable":true,"params":{"app_id":"649769247","store_id":"H5"}}]}}}
3-22-2022 16:21-debug: Process: heapTotal 277.42MB heapUsed 206.04MB rss 305.12MB
3-22-2022 16:21-debug: cocos-service:(onBeforeBuild) start...0%
3-22-2022 16:21-debug: // ---- cocos-service:(onBeforeBuild) ----
3-22-2022 16:21-debug: Build with Cocos Creator 3.4.1
3-22-2022 16:21-debug: // ---- cocos-service:(onBeforeBuild) success ----
3-22-2022 16:21-debug: Query all assets info in project
3-22-2022 16:21-debug: cocos-service:(onBeforeBuild)3%
3-22-2022 16:21-debug: init custom config: keepNodeUuid: false, useCache: true
3-22-2022 16:21-debug: BuildAssetLibrary query-assets with assets 226
3-22-2022 16:21-debug:   Number of all scenes: 2
3-22-2022 16:21-debug: web-mobile:(onAfterInit) start...3%
3-22-2022 16:21-debug: // ---- web-mobile:(onAfterInit) ----
3-22-2022 16:21-debug: Process: heapTotal 277.63MB heapUsed 207.45MB rss 305.33MB
3-22-2022 16:21-debug: // ---- web-mobile:(onAfterInit) success ----
3-22-2022 16:21-debug: web-mobile:(onAfterInit)5%
3-22-2022 16:21-debug: Reload project scripts start5%
3-22-2022 16:21-log: // ---- Reload project scripts ----
3-22-2022 16:21-debug: Process: heapTotal 277.63MB heapUsed 207.48MB rss 305.33MB
3-22-2022 16:21-debug: reload all scripts.
3-22-2022 16:21-debug:   Number of all scripts: 4
3-22-2022 16:21-debug:   Number of other assets: 352
3-22-2022 16:21-debug: BuildAssetLibrary initialized with asset 322!
3-22-2022 16:21-debug: Incremental keys: 
3-22-2022 16:21-debug: Unregister Ball
3-22-2022 16:21-debug: Unregister GameController
3-22-2022 16:21-debug: Unregister Crosshair
3-22-2022 16:21-debug: Unregister Touch
3-22-2022 16:21-debug: Invalidating 'pack:///mods/cce/internal/x/prerequisite-imports.js'
3-22-2022 16:21-debug: Invalidating 'pack:///mods/cce/internal/x/cc.js'
3-22-2022 16:21-debug: Invalidating 'pack:///mods/fs/0/assets/Scripts/GameController.js'
3-22-2022 16:21-debug: Invalidating 'pack:///mods/fs/0/assets/Scripts/Touch.js'
3-22-2022 16:21-debug: [[Executor]] Module "pack:///mods/cce/internal/x/prerequisite-imports.js" loaded.
3-22-2022 16:21-debug: [[Executor]] Module "pack:///mods/cce/internal/x/cc.js" loaded.
3-22-2022 16:21-debug: [[Executor]] Register Ball
3-22-2022 16:21-debug: [[Executor]] Module "pack:///mods/fs/0/assets/Scripts/Ball.js" loaded.
3-22-2022 16:21-debug: [[Executor]] Module "pack:///mods/cce/internal/code-quality/cr.js" loaded.
3-22-2022 16:21-debug: [[Executor]] Register GameController
3-22-2022 16:21-debug: [[Executor]] Module "pack:///mods/fs/0/assets/Scripts/GameController.js" loaded.
3-22-2022 16:21-debug: [[Executor]] Register Crosshair
3-22-2022 16:21-debug: [[Executor]] Module "pack:///mods/fs/0/assets/Scripts/Crosshair.js" loaded.
3-22-2022 16:21-debug: [[Executor]] Register Touch
3-22-2022 16:21-debug: [[Executor]] Module "pack:///mods/fs/0/assets/Scripts/Touch.js" loaded.
3-22-2022 16:21-debug: [[Executor]] Module "pack:///mods/cce/internal/x/prerequisite-imports.js" loaded.
3-22-2022 16:21-debug: Reload project scripts √6%
3-22-2022 16:21-debug: Query asset bundle start6%
3-22-2022 16:21-log: // ---- Query asset bundle ----
3-22-2022 16:21-debug: Process: heapTotal 277.63MB heapUsed 208.00MB rss 305.53MB
3-22-2022 16:21-debug: Invalidating 'pack:///mods/fs/0/assets/Scripts/Ball.js'
3-22-2022 16:21-debug: Invalidating 'pack:///mods/fs/0/assets/Scripts/Crosshair.js'
3-22-2022 16:21-debug: Invalidating 'pack:///mods/cce/internal/code-quality/cr.js'
3-22-2022 16:21-debug: Query asset bundle √8%
3-22-2022 16:21-debug: Number of scenes: 2
3-22-2022 16:21-debug: Query and organize assets start8%
3-22-2022 16:21-debug: Process: heapTotal 277.63MB heapUsed 208.09MB rss 305.54MB
3-22-2022 16:21-log: // ---- Query and organize assets ----
3-22-2022 16:21-debug: Number of assets: 52
3-22-2022 16:21-log: // ---- Organize scripts ----
3-22-2022 16:21-debug: Process: heapTotal 264.42MB heapUsed 204.64MB rss 306.16MB
3-22-2022 16:21-debug: sort script group...
3-22-2022 16:21-debug: Organize scripts √10%
3-22-2022 16:21-debug: Organize texture compression tasks start10%
3-22-2022 16:21-log: // ---- Organize texture compression tasks ----
3-22-2022 16:21-debug: Process: heapTotal 264.42MB heapUsed 204.66MB rss 306.16MB
3-22-2022 16:21-debug: Query and organize assets √9%
3-22-2022 16:21-debug: Organize scripts start9%
3-22-2022 16:21-debug: Number of asset bundle: 1
3-22-2022 16:21-debug: Number of image-compress task: 0
3-22-2022 16:21-debug: Organize texture compression tasks √11%
3-22-2022 16:21-debug: Process: heapTotal 263.42MB heapUsed 204.12MB rss 306.71MB
3-22-2022 16:21-debug: Group json start11%
3-22-2022 16:21-debug: Merging Texture2D json start12%
3-22-2022 16:21-log: // ---- Merging Texture2D json ----
3-22-2022 16:21-debug: Process: heapTotal 263.42MB heapUsed 204.15MB rss 306.71MB
3-22-2022 16:21-debug: Merging Texture2D json √14%
3-22-2022 16:21-debug:  start14%
3-22-2022 16:21-log: // ----  ----
3-22-2022 16:21-debug: Process: heapTotal 263.42MB heapUsed 204.18MB rss 306.72MB
3-22-2022 16:21-debug:  √15%
3-22-2022 16:21-debug: web-mobile:(onBeforeBuildAssets) start...15%
3-22-2022 16:21-debug: // ---- web-mobile:(onBeforeBuildAssets) ----
3-22-2022 16:21-debug: Process: heapTotal 263.42MB heapUsed 204.20MB rss 306.72MB
3-22-2022 16:21-debug: // ---- web-mobile:(onBeforeBuildAssets) success ----
3-22-2022 16:21-debug: web-mobile:(onBeforeBuildAssets)18%
3-22-2022 16:21-debug:  start18%
3-22-2022 16:21-log: // ----  ----
3-22-2022 16:21-debug: Process: heapTotal 263.42MB heapUsed 204.22MB rss 306.72MB
3-22-2022 16:21-debug: Group json √12%
3-22-2022 16:21-debug: Number of json group: 2
3-22-2022 16:21-log: // ---- Group json ----
3-22-2022 16:21-debug: Process: heapTotal 278.67MB heapUsed 216.83MB rss 306.44MB
3-22-2022 16:21-debug: Build script18%
3-22-2022 16:22-debug: Copy externalScripts success!
3-22-2022 16:22-debug: Build script√18%
3-22-2022 16:22-debug: Build engine18%
3-22-2022 16:22-debug: Process: heapTotal 269.92MB heapUsed 201.96MB rss 314.23MB
3-22-2022 16:22-debug: Use cache engine: {link(/var/folders/ww/l9gf6zqj2gv298pfxmwysbcm0000gn/T/CocosCreator/3.4.1/builder/engine/ebc0da48c3035ad6458333a16539f668)}
3-22-2022 16:22-debug: {"debug":false,"sourceMaps":false,"includeModules":["base","gfx-webgl","2d","ui","physics-2d-box2d","intersection-2d","profiler","particle-2d","audio","video","webview","tween","tiled-map","spine","dragon-bones","marionette"],"engineVersion":"3.4.1","platform":"HTML5","md5Map":[],"engineName":"cocos-js","useCache":true,"split":false,"ammoJsWasm":"fallback","assetURLFormat":"runtime-resolved","entry":"/Applications/CocosCreator/Creator/3.4.1/CocosCreator.app/Contents/Resources/resources/3d/engine"}
3-22-2022 16:22-debug: Build engine√18%
3-22-2022 16:22-debug: Process: heapTotal 269.92MB heapUsed 203.18MB rss 314.24MB
3-22-2022 16:22-debug: Build auto-atlas √31%
3-22-2022 16:22-debug: Build auto-atlas start24%
3-22-2022 16:22-log: // ---- Compress Image ----
3-22-2022 16:22-debug: Process: heapTotal 269.92MB heapUsed 203.19MB rss 314.24MB
3-22-2022 16:22-debug: Compress Image √37%
3-22-2022 16:22-debug: Copy the resource start37%
3-22-2022 16:22-log: // ---- Copy the resource ----
3-22-2022 16:22-debug: Process: heapTotal 269.92MB heapUsed 203.20MB rss 314.24MB
3-22-2022 16:22-debug:  √24%
3-22-2022 16:22-debug: Compress Image start31%
3-22-2022 16:22-log: // ---- Build auto-atlas ----
3-22-2022 16:22-debug: Asset Bundle(main) handle assets: 52
3-22-2022 16:22-debug: Process: heapTotal 269.92MB heapUsed 203.74MB rss 314.24MB
3-22-2022 16:22-debug: Copy the resource √44%
3-22-2022 16:22-debug: Build the grouped json and scatter files to the specified location start44%
3-22-2022 16:22-log: // ---- Build the grouped json and scatter files to the specified location ----
3-22-2022 16:22-debug: Json group(build-task/json) compile success，json number: 6
3-22-2022 16:22-debug: Json group(build-task/json) compile success，json number: 6
3-22-2022 16:22-debug: Build the grouped json and scatter files to the specified location √51%
3-22-2022 16:22-log: // ---- Compress zip bundle ----
3-22-2022 16:22-debug: Process: heapTotal 269.92MB heapUsed 206.52MB rss 314.25MB
3-22-2022 16:22-debug: Compress zip bundle √57%
3-22-2022 16:22-log: // ---- Add md5 suffix to assets ----
3-22-2022 16:22-debug: Compress zip bundle start51%
3-22-2022 16:22-debug: Add md5 suffix to assets √68%
3-22-2022 16:22-debug: Init settings and config start68%
3-22-2022 16:22-log: // ---- Init settings and config ----
3-22-2022 16:22-debug: Process: heapTotal 269.92MB heapUsed 206.55MB rss 314.25MB
3-22-2022 16:22-debug: tasks.settings.macro does not defined in i18n
3-22-2022 16:22-debug: Add md5 suffix to assets start57%
3-22-2022 16:22-log: // ---- tasks.settings.macro ----
3-22-2022 16:22-debug: Process: heapTotal 269.92MB heapUsed 206.57MB rss 314.25MB
3-22-2022 16:22-debug: Init settings and config √68%
3-22-2022 16:22-debug: Process: heapTotal 269.92MB heapUsed 206.54MB rss 314.25MB
3-22-2022 16:22-debug: tasks.settings.macro start68%
3-22-2022 16:22-debug: tasks.settings.macro √69%
3-22-2022 16:22-debug: Use cached settings start69%
3-22-2022 16:22-log: // ---- Use cached settings ----
3-22-2022 16:22-debug: Process: heapTotal 269.92MB heapUsed 206.81MB rss 314.25MB
3-22-2022 16:22-debug: Use cached settings √69%
3-22-2022 16:22-debug: custom joint texture layouts start69%
3-22-2022 16:22-log: // ---- custom joint texture layouts ----
3-22-2022 16:22-debug: Process: heapTotal 269.92MB heapUsed 206.92MB rss 314.25MB
3-22-2022 16:22-debug: custom joint texture layouts √70%
3-22-2022 16:22-debug: custom joint physics √70%
3-22-2022 16:22-debug: Fill script data to settings start70%
3-22-2022 16:22-log: // ---- Fill script data to settings ----
3-22-2022 16:22-debug: Process: heapTotal 269.92MB heapUsed 207.00MB rss 314.25MB
3-22-2022 16:22-debug: Fill script data to settings √71%
3-22-2022 16:22-debug: Fill scene data to settings start71%
3-22-2022 16:22-log: // ---- Fill scene data to settings ----
3-22-2022 16:22-debug: Process: heapTotal 269.92MB heapUsed 207.01MB rss 314.25MB
3-22-2022 16:22-debug: Fill scene data to settings √71%
3-22-2022 16:22-debug: Organize assets groups，generate packedAssets and rawAssets data start71%
3-22-2022 16:22-log: // ---- Organize assets groups，generate packedAssets and rawAssets data ----
3-22-2022 16:22-debug: Process: heapTotal 269.92MB heapUsed 207.02MB rss 314.25MB
3-22-2022 16:22-debug: Organize assets groups，generate packedAssets and rawAssets data √72%
3-22-2022 16:22-debug: Generate md5AssetsMap from suffixMap to settings start72%
3-22-2022 16:22-log: // ---- Generate md5AssetsMap from suffixMap to settings ----
3-22-2022 16:22-debug: Process: heapTotal 269.92MB heapUsed 207.04MB rss 314.25MB
3-22-2022 16:22-debug: options.md5Cache is false.
3-22-2022 16:22-debug: Generate md5AssetsMap from suffixMap to settings √72%
3-22-2022 16:22-debug: web-mobile:(onBeforeCompressSettings) start...72%
3-22-2022 16:22-debug: // ---- web-mobile:(onBeforeCompressSettings) ----
3-22-2022 16:22-debug: Process: heapTotal 269.92MB heapUsed 207.05MB rss 314.25MB
3-22-2022 16:22-debug: // ---- web-mobile:(onBeforeCompressSettings) success ----
3-22-2022 16:22-debug: web-mobile:(onBeforeCompressSettings)75%
3-22-2022 16:22-debug: cocos-service:(onBeforeCompressSettings) start...75%
3-22-2022 16:22-debug: // ---- cocos-service:(onBeforeCompressSettings) ----
3-22-2022 16:22-debug: custom joint physics start70%
3-22-2022 16:22-debug: Process: heapTotal 269.92MB heapUsed 206.99MB rss 314.25MB
3-22-2022 16:22-log: // ---- custom joint physics ----
3-22-2022 16:22-debug: Process: heapTotal 269.92MB heapUsed 207.07MB rss 314.25MB
3-22-2022 16:22-debug: // ---- cocos-service:(onBeforeCompressSettings) success ----
3-22-2022 16:22-debug: cocos-service:(onBeforeCompressSettings)77%
3-22-2022 16:22-debug:  start77%
3-22-2022 16:22-log: // ----  ----
3-22-2022 16:22-debug: Process: heapTotal 269.92MB heapUsed 202.26MB rss 314.25MB
3-22-2022 16:22-debug:  √78%
3-22-2022 16:22-debug: Compress settings.json and config.json start78%
3-22-2022 16:22-log: // ---- Compress settings.json and config.json ----
3-22-2022 16:22-debug: Process: heapTotal 269.92MB heapUsed 202.34MB rss 314.25MB
3-22-2022 16:22-debug: Compress settings.json and config.json √79%
3-22-2022 16:22-debug: Save config.json start79%
3-22-2022 16:22-log: // ---- Save config.json ----
3-22-2022 16:22-debug: Process: heapTotal 269.92MB heapUsed 202.40MB rss 314.26MB
3-22-2022 16:22-debug: Save config.json √80%
3-22-2022 16:22-debug: Save Settings.json start80%
3-22-2022 16:22-log: // ---- Save Settings.json ----
3-22-2022 16:22-debug: Process: heapTotal 269.92MB heapUsed 202.42MB rss 314.26MB
3-22-2022 16:22-debug: Save Settings.json √81%
3-22-2022 16:22-debug: Sort build template start81%
3-22-2022 16:22-log: // ---- Sort build template ----
3-22-2022 16:22-debug: Process: heapTotal 269.92MB heapUsed 202.58MB rss 314.27MB
3-22-2022 16:22-debug: Sort build template √82%
3-22-2022 16:22-debug: cocos-service:(onAfterCompressSettings) start...82%
3-22-2022 16:22-debug: // ---- cocos-service:(onAfterCompressSettings) ----
3-22-2022 16:22-debug: Process: heapTotal 269.92MB heapUsed 206.14MB rss 314.34MB
3-22-2022 16:22-debug: // ---- cocos-service:(onAfterCompressSettings) success ----
3-22-2022 16:22-debug: cocos-service:(onAfterCompressSettings)85%
3-22-2022 16:22-debug: // ---- web-mobile:(onAfterBuild) ----
3-22-2022 16:22-debug: Process: heapTotal 269.92MB heapUsed 207.10MB rss 314.34MB
3-22-2022 16:22-debug: web-mobile:(onAfterBuild) start...85%
3-22-2022 16:22-debug: web-mobile:(onAfterBuild)87%
3-22-2022 16:22-debug: // ---- web-mobile:(onAfterBuild) success ----
3-22-2022 16:22-debug: cocos-service:(onAfterBuild) start...87%
3-22-2022 16:22-debug: // ---- cocos-service:(onAfterBuild) ----
3-22-2022 16:22-debug: Process: heapTotal 269.92MB heapUsed 202.94MB rss 315.74MB
3-22-2022 16:22-debug: // ---- cocos-service:(onAfterBuild) success ----
3-22-2022 16:22-debug: build success in 13225 ms!
3-22-2022 16:22-debug: cocos-service:(onAfterBuild)90%
3-22-2022 16:22-debug: Stop record console. {file(/Users/lamngo/Desktop/Cocos/FootballStar copy/temp/builder/log/web-mobile3-22-2022 16-21.log)}
