3-22-2022 16:19-debug: =================================== Build Task (football-art) Start ================================
3-22-2022 16:19-debug: cocos-service:(onBeforeBuild) start...0%
3-22-2022 16:19-debug: // ---- cocos-service:(onBeforeBuild) ----
3-22-2022 16:19-debug: Process: heapTotal 465.38MB heapUsed 207.21MB rss 292.45MB
3-22-2022 16:19-debug: Start build task, options:{"name":"football-with-art","platform":"web-mobile","buildPath":"project://build","debug":false,"md5Cache":false,"sourceMaps":false,"replaceSplashScreen":false,"mainBundleCompressionType":"merge_dep","mainBundleIsRemote":false,"mergeStartScene":false,"experimentalEraseModules":false,"compressTexture":true,"packAutoAtlas":true,"startScene":"d9d0e385-3a22-4533-84a8-ac5c27798510","scenes":[{"url":"db://assets/Scene/main.scene","uuid":"d9d0e385-3a22-4533-84a8-ac5c27798510","inBundle":false},{"url":"db://assets/Scene/over.scene","uuid":"05a558c0-8cd8-40fb-84c7-3069f62473ea","inBundle":false}],"outputName":"football-art","packages":{"web-mobile":{"orientation":"auto","polyfills":{"asyncFunctions":true}},"cocos-service":{"configID":"3996a1","services":[{"service_id":"235","service_component_name":"service-analytics","builder":"/Users/lamngo/.CocosCreator/.service/analytics/builder/builder.js","enable":true,"params":{"app_id":"649769247","store_id":"H5"}}]}}}
3-22-2022 16:19-debug: Build with Cocos Creator 3.4.1
3-22-2022 16:19-debug: Start record console... {file(/Users/lamngo/Desktop/Cocos/FootballStar copy/temp/builder/log/web-mobile3-22-2022 16-19.log)}
3-22-2022 16:19-debug: // ---- cocos-service:(onBeforeBuild) success ----
3-22-2022 16:19-debug: cocos-service:(onBeforeBuild)3%
3-22-2022 16:19-debug: Query all assets info in project
3-22-2022 16:19-debug: init custom config: keepNodeUuid: false, useCache: true
3-22-2022 16:19-debug: BuildAssetLibrary query-assets with assets 226
3-22-2022 16:19-debug:   Number of other assets: 352
3-22-2022 16:19-debug: web-mobile:(onAfterInit) start...3%
3-22-2022 16:19-debug: // ---- web-mobile:(onAfterInit) ----
3-22-2022 16:19-debug: Process: heapTotal 465.59MB heapUsed 208.63MB rss 292.76MB
3-22-2022 16:19-debug: // ---- web-mobile:(onAfterInit) success ----
3-22-2022 16:19-debug: web-mobile:(onAfterInit)5%
3-22-2022 16:19-debug: Reload project scripts start5%
3-22-2022 16:19-log: // ---- Reload project scripts ----
3-22-2022 16:19-debug: Process: heapTotal 465.59MB heapUsed 208.92MB rss 292.82MB
3-22-2022 16:19-debug: reload all scripts.
3-22-2022 16:19-debug:   Number of all scenes: 2
3-22-2022 16:19-debug:   Number of all scripts: 4
3-22-2022 16:19-debug: BuildAssetLibrary initialized with asset 322!
3-22-2022 16:19-debug: Incremental keys: 
3-22-2022 16:19-debug: Unregister Ball
3-22-2022 16:19-debug: Unregister Crosshair
3-22-2022 16:19-debug: Invalidating 'pack:///mods/fs/0/assets/Scripts/Ball.js'
3-22-2022 16:19-debug: Invalidating 'pack:///mods/cce/internal/x/cc.js'
3-22-2022 16:19-debug: Invalidating 'pack:///mods/fs/0/assets/Scripts/Crosshair.js'
3-22-2022 16:19-debug: Invalidating 'pack:///mods/cce/internal/code-quality/cr.js'
3-22-2022 16:19-debug: Invalidating 'pack:///mods/fs/0/assets/Scripts/GameController.js'
3-22-2022 16:19-debug: Invalidating 'pack:///mods/fs/0/assets/Scripts/Touch.js'
3-22-2022 16:19-debug: [[Executor]] Module "pack:///mods/cce/internal/x/prerequisite-imports.js" loaded.
3-22-2022 16:19-debug: [[Executor]] Module "pack:///mods/cce/internal/x/cc.js" loaded.
3-22-2022 16:19-debug: [[Executor]] Register Ball
3-22-2022 16:19-debug: [[Executor]] Module "pack:///mods/fs/0/assets/Scripts/Ball.js" loaded.
3-22-2022 16:19-debug: [[Executor]] Module "pack:///mods/cce/internal/code-quality/cr.js" loaded.
3-22-2022 16:19-debug: [[Executor]] Register GameController
3-22-2022 16:19-debug: [[Executor]] Module "pack:///mods/fs/0/assets/Scripts/GameController.js" loaded.
3-22-2022 16:19-debug: [[Executor]] Register Crosshair
3-22-2022 16:19-debug: [[Executor]] Module "pack:///mods/fs/0/assets/Scripts/Crosshair.js" loaded.
3-22-2022 16:19-debug: [[Executor]] Register Touch
3-22-2022 16:19-debug: [[Executor]] Module "pack:///mods/fs/0/assets/Scripts/Touch.js" loaded.
3-22-2022 16:19-debug: [[Executor]] Module "pack:///mods/cce/internal/x/prerequisite-imports.js" loaded.
3-22-2022 16:19-debug: Reload project scripts √6%
3-22-2022 16:19-debug: Query asset bundle start6%
3-22-2022 16:19-log: // ---- Query asset bundle ----
3-22-2022 16:19-debug: Process: heapTotal 451.17MB heapUsed 204.14MB rss 298.30MB
3-22-2022 16:19-debug: Invalidating 'pack:///mods/cce/internal/x/prerequisite-imports.js'
3-22-2022 16:19-debug: Unregister Touch
3-22-2022 16:19-debug: Unregister GameController
3-22-2022 16:19-debug: Query asset bundle √8%
3-22-2022 16:19-debug: Query and organize assets start8%
3-22-2022 16:19-debug: Process: heapTotal 451.17MB heapUsed 204.23MB rss 298.30MB
3-22-2022 16:19-debug: Number of scenes: 2
3-22-2022 16:19-log: // ---- Query and organize assets ----
3-22-2022 16:19-debug: Number of assets: 52
3-22-2022 16:19-debug: Query and organize assets √9%
3-22-2022 16:19-debug: Process: heapTotal 450.17MB heapUsed 203.79MB rss 299.88MB
3-22-2022 16:19-debug: sort script group...
3-22-2022 16:19-debug: Organize scripts √10%
3-22-2022 16:19-debug: Organize texture compression tasks start10%
3-22-2022 16:19-log: // ---- Organize texture compression tasks ----
3-22-2022 16:19-debug: Process: heapTotal 450.17MB heapUsed 203.80MB rss 299.89MB
3-22-2022 16:19-debug: Organize scripts start9%
3-22-2022 16:19-debug: Number of asset bundle: 1
3-22-2022 16:19-log: // ---- Organize scripts ----
3-22-2022 16:19-debug: Number of image-compress task: 0
3-22-2022 16:19-debug: Organize texture compression tasks √11%
3-22-2022 16:19-debug: Number of json group: 2
3-22-2022 16:19-debug: Group json √12%
3-22-2022 16:19-debug: Merging Texture2D json start12%
3-22-2022 16:19-log: // ---- Merging Texture2D json ----
3-22-2022 16:19-debug: Process: heapTotal 450.17MB heapUsed 204.06MB rss 300.11MB
3-22-2022 16:19-debug: Merging Texture2D json √14%
3-22-2022 16:19-debug:  start14%
3-22-2022 16:19-log: // ----  ----
3-22-2022 16:19-debug: Process: heapTotal 450.17MB heapUsed 204.08MB rss 300.14MB
3-22-2022 16:19-debug:  √15%
3-22-2022 16:19-debug: web-mobile:(onBeforeBuildAssets) start...15%
3-22-2022 16:19-debug: // ---- web-mobile:(onBeforeBuildAssets) ----
3-22-2022 16:19-debug: Process: heapTotal 450.17MB heapUsed 204.10MB rss 300.16MB
3-22-2022 16:19-debug: // ---- web-mobile:(onBeforeBuildAssets) success ----
3-22-2022 16:19-debug: web-mobile:(onBeforeBuildAssets)18%
3-22-2022 16:19-debug:  start18%
3-22-2022 16:19-log: // ----  ----
3-22-2022 16:19-debug: Process: heapTotal 450.17MB heapUsed 204.12MB rss 300.19MB
3-22-2022 16:19-debug: Group json start11%
3-22-2022 16:19-log: // ---- Group json ----
3-22-2022 16:19-debug: Process: heapTotal 450.17MB heapUsed 204.02MB rss 300.06MB
3-22-2022 16:19-debug: Query all assets info in project
3-22-2022 16:19-warn: Preview in build may make some errors
3-22-2022 16:19-debug: init custom config: keepNodeUuid: false, useCache: true
3-22-2022 16:19-debug: BuildAssetLibrary query-assets with assets 226
3-22-2022 16:19-debug:   Number of all scripts: 4
3-22-2022 16:19-debug: Query asset bundle start0%
3-22-2022 16:19-log: // ---- Query asset bundle ----
3-22-2022 16:19-debug:   Number of other assets: 352
3-22-2022 16:19-debug:   Number of all scenes: 2
3-22-2022 16:19-debug: BuildAssetLibrary initialized with asset 322!
3-22-2022 16:19-debug: Process: heapTotal 465.63MB heapUsed 217.89MB rss 179.25MB
3-22-2022 16:19-debug: Query asset bundle √3%
3-22-2022 16:19-log: // ---- Query and organize assets ----
3-22-2022 16:19-debug: Query and organize assets √7%
3-22-2022 16:19-debug: Organize scripts start7%
3-22-2022 16:19-log: // ---- Organize scripts ----
3-22-2022 16:19-debug: Query and organize assets start3%
3-22-2022 16:19-debug: Process: heapTotal 465.63MB heapUsed 217.95MB rss 179.37MB
3-22-2022 16:19-debug: Number of scenes: 2
3-22-2022 16:19-debug: Process: heapTotal 465.63MB heapUsed 217.91MB rss 179.31MB
3-22-2022 16:19-debug: sort script group...
3-22-2022 16:19-debug: Organize scripts √10%
3-22-2022 16:19-debug: Process: heapTotal 465.63MB heapUsed 217.98MB rss 179.42MB
3-22-2022 16:19-debug: tasks.settings.macro does not defined in i18n
3-22-2022 16:19-debug: tasks.settings.macro start11%
3-22-2022 16:19-log: // ---- tasks.settings.macro ----
3-22-2022 16:19-log: // ---- Init settings and config ----
3-22-2022 16:19-debug: Init settings and config √11%
3-22-2022 16:19-debug: Process: heapTotal 465.63MB heapUsed 217.99MB rss 179.46MB
3-22-2022 16:19-debug: Init settings and config start10%
3-22-2022 16:19-debug: tasks.settings.macro √11%
3-22-2022 16:19-log: // ---- Use cached settings ----
3-22-2022 16:19-debug: Process: heapTotal 465.63MB heapUsed 218.01MB rss 179.47MB
3-22-2022 16:19-debug: Use cached settings start11%
3-22-2022 16:19-debug: Use cached settings √12%
3-22-2022 16:19-debug: custom joint texture layouts start12%
3-22-2022 16:19-log: // ---- custom joint texture layouts ----
3-22-2022 16:19-debug: Process: heapTotal 465.63MB heapUsed 218.07MB rss 179.55MB
3-22-2022 16:19-debug: custom joint texture layouts √12%
3-22-2022 16:19-debug: custom joint physics √13%
3-22-2022 16:19-debug: Fill script data to settings start13%
3-22-2022 16:19-log: // ---- Fill script data to settings ----
3-22-2022 16:19-debug: Process: heapTotal 465.63MB heapUsed 218.10MB rss 179.55MB
3-22-2022 16:19-debug: Fill script data to settings √13%
3-22-2022 16:19-debug: Fill scene data to settings start13%
3-22-2022 16:19-log: // ---- Fill scene data to settings ----
3-22-2022 16:19-debug: Process: heapTotal 465.63MB heapUsed 218.11MB rss 179.57MB
3-22-2022 16:19-debug: Fill scene data to settings √14%
3-22-2022 16:19-debug: Organize assets groups，generate packedAssets and rawAssets data start14%
3-22-2022 16:19-log: // ---- Organize assets groups，generate packedAssets and rawAssets data ----
3-22-2022 16:19-debug: Process: heapTotal 465.63MB heapUsed 218.12MB rss 179.58MB
3-22-2022 16:19-debug: Organize assets groups，generate packedAssets and rawAssets data √14%
3-22-2022 16:19-debug: Generate md5AssetsMap from suffixMap to settings start14%
3-22-2022 16:19-log: // ---- Generate md5AssetsMap from suffixMap to settings ----
3-22-2022 16:19-debug: Process: heapTotal 465.63MB heapUsed 218.13MB rss 179.59MB
3-22-2022 16:19-debug: options.md5Cache is false.
3-22-2022 16:19-log: // ---- custom joint physics ----
3-22-2022 16:19-debug: Process: heapTotal 465.63MB heapUsed 218.09MB rss 179.55MB
3-22-2022 16:19-debug: Generate md5AssetsMap from suffixMap to settings √15%
3-22-2022 16:19-debug: custom joint physics start12%
3-22-2022 16:19-debug: Process: heapTotal 465.63MB heapUsed 218.32MB rss 179.73MB
3-22-2022 16:19-debug: Build script18%
3-22-2022 16:19-debug: Copy externalScripts success!
3-22-2022 16:19-debug: Build script√18%
3-22-2022 16:19-debug: Build engine18%
3-22-2022 16:19-debug: Process: heapTotal 278.42MB heapUsed 204.24MB rss 302.77MB
3-22-2022 16:19-debug: Use cache engine: {link(/var/folders/ww/l9gf6zqj2gv298pfxmwysbcm0000gn/T/CocosCreator/3.4.1/builder/engine/ebc0da48c3035ad6458333a16539f668)}
3-22-2022 16:19-debug: {"debug":false,"sourceMaps":false,"includeModules":["base","gfx-webgl","2d","ui","physics-2d-box2d","intersection-2d","profiler","particle-2d","audio","video","webview","tween","tiled-map","spine","dragon-bones","marionette"],"engineVersion":"3.4.1","platform":"HTML5","md5Map":[],"engineName":"cocos-js","useCache":true,"split":false,"ammoJsWasm":"fallback","assetURLFormat":"runtime-resolved","entry":"/Applications/CocosCreator/Creator/3.4.1/CocosCreator.app/Contents/Resources/resources/3d/engine"}
3-22-2022 16:19-debug: Build engine√18%
3-22-2022 16:19-debug: Build auto-atlas start24%
3-22-2022 16:19-debug:  √24%
3-22-2022 16:19-log: // ---- Build auto-atlas ----
3-22-2022 16:19-debug: Process: heapTotal 278.42MB heapUsed 205.47MB rss 302.91MB
3-22-2022 16:19-debug: Build auto-atlas √31%
3-22-2022 16:19-debug: Compress Image start31%
3-22-2022 16:19-debug: Process: heapTotal 278.42MB heapUsed 205.49MB rss 302.92MB
3-22-2022 16:19-log: // ---- Copy the resource ----
3-22-2022 16:19-debug: Process: heapTotal 278.42MB heapUsed 205.50MB rss 302.92MB
3-22-2022 16:19-debug: Copy the resource start37%
3-22-2022 16:19-log: // ---- Compress Image ----
3-22-2022 16:19-debug: Compress Image √37%
3-22-2022 16:19-debug: Asset Bundle(main) handle assets: 52
3-22-2022 16:19-debug: Process: heapTotal 266.17MB heapUsed 202.38MB rss 303.30MB
3-22-2022 16:19-debug: Build the grouped json and scatter files to the specified location start44%
3-22-2022 16:19-log: // ---- Build the grouped json and scatter files to the specified location ----
3-22-2022 16:19-debug: Copy the resource √44%
3-22-2022 16:19-debug: Json group(build-task/json) compile success，json number: 6
3-22-2022 16:19-debug: Json group(build-task/json) compile success，json number: 6
3-22-2022 16:19-debug: Compress zip bundle start51%
3-22-2022 16:19-debug: Compress zip bundle √57%
3-22-2022 16:19-debug: Build the grouped json and scatter files to the specified location √51%
3-22-2022 16:19-log: // ---- Add md5 suffix to assets ----
3-22-2022 16:19-debug: Process: heapTotal 277.42MB heapUsed 203.50MB rss 304.62MB
3-22-2022 16:19-debug: Add md5 suffix to assets √68%
3-22-2022 16:19-debug: Init settings and config start68%
3-22-2022 16:19-log: // ---- Init settings and config ----
3-22-2022 16:19-debug: Process: heapTotal 277.42MB heapUsed 203.52MB rss 304.62MB
3-22-2022 16:19-debug: Init settings and config √68%
3-22-2022 16:19-debug: tasks.settings.macro does not defined in i18n
3-22-2022 16:19-debug: tasks.settings.macro start68%
3-22-2022 16:19-log: // ---- tasks.settings.macro ----
3-22-2022 16:19-debug: Process: heapTotal 277.42MB heapUsed 203.53MB rss 304.62MB
3-22-2022 16:19-debug: Add md5 suffix to assets start57%
3-22-2022 16:19-log: // ---- Compress zip bundle ----
3-22-2022 16:19-debug: Process: heapTotal 277.42MB heapUsed 203.48MB rss 304.62MB
3-22-2022 16:19-debug: tasks.settings.macro √69%
3-22-2022 16:19-debug: Use cached settings start69%
3-22-2022 16:19-log: // ---- Use cached settings ----
3-22-2022 16:19-debug: Process: heapTotal 277.42MB heapUsed 203.77MB rss 304.62MB
3-22-2022 16:19-debug: Use cached settings √69%
3-22-2022 16:19-debug: custom joint texture layouts start69%
3-22-2022 16:19-log: // ---- custom joint texture layouts ----
3-22-2022 16:19-debug: Process: heapTotal 277.42MB heapUsed 203.87MB rss 304.62MB
3-22-2022 16:19-debug: custom joint texture layouts √70%
3-22-2022 16:19-log: // ---- custom joint physics ----
3-22-2022 16:19-debug: Process: heapTotal 277.42MB heapUsed 203.93MB rss 304.63MB
3-22-2022 16:19-debug: Fill script data to settings start70%
3-22-2022 16:19-log: // ---- Fill script data to settings ----
3-22-2022 16:19-debug: Process: heapTotal 277.42MB heapUsed 203.95MB rss 304.63MB
3-22-2022 16:19-debug: Fill script data to settings √71%
3-22-2022 16:19-debug: Fill scene data to settings start71%
3-22-2022 16:19-log: // ---- Fill scene data to settings ----
3-22-2022 16:19-debug: Process: heapTotal 277.42MB heapUsed 203.96MB rss 304.63MB
3-22-2022 16:19-debug: Fill scene data to settings √71%
3-22-2022 16:19-debug: Organize assets groups，generate packedAssets and rawAssets data start71%
3-22-2022 16:19-log: // ---- Organize assets groups，generate packedAssets and rawAssets data ----
3-22-2022 16:19-debug: Process: heapTotal 277.42MB heapUsed 203.97MB rss 304.63MB
3-22-2022 16:19-debug: Organize assets groups，generate packedAssets and rawAssets data √72%
3-22-2022 16:19-debug: Generate md5AssetsMap from suffixMap to settings start72%
3-22-2022 16:19-log: // ---- Generate md5AssetsMap from suffixMap to settings ----
3-22-2022 16:19-debug: Process: heapTotal 277.42MB heapUsed 203.98MB rss 304.63MB
3-22-2022 16:19-debug: Generate md5AssetsMap from suffixMap to settings √72%
3-22-2022 16:19-debug: web-mobile:(onBeforeCompressSettings) start...72%
3-22-2022 16:19-debug: custom joint physics √70%
3-22-2022 16:19-debug: Process: heapTotal 277.42MB heapUsed 204.00MB rss 304.63MB
3-22-2022 16:19-debug: options.md5Cache is false.
3-22-2022 16:19-debug: cocos-service:(onBeforeCompressSettings) start...75%
3-22-2022 16:19-debug: web-mobile:(onBeforeCompressSettings)75%
3-22-2022 16:19-debug: // ---- cocos-service:(onBeforeCompressSettings) ----
3-22-2022 16:19-debug: Process: heapTotal 277.42MB heapUsed 204.02MB rss 304.63MB
3-22-2022 16:19-debug: custom joint physics start70%
3-22-2022 16:19-debug: // ---- web-mobile:(onBeforeCompressSettings) success ----
3-22-2022 16:19-debug: // ---- web-mobile:(onBeforeCompressSettings) ----
3-22-2022 16:19-debug: cocos-service:(onBeforeCompressSettings)77%
3-22-2022 16:19-debug: // ---- cocos-service:(onBeforeCompressSettings) success ----
3-22-2022 16:19-debug:  start77%
3-22-2022 16:19-log: // ----  ----
3-22-2022 16:19-debug: Process: heapTotal 277.42MB heapUsed 204.61MB rss 304.64MB
3-22-2022 16:19-debug:  √78%
3-22-2022 16:19-log: // ---- Compress settings.json and config.json ----
3-22-2022 16:19-debug: Process: heapTotal 277.42MB heapUsed 204.68MB rss 304.64MB
3-22-2022 16:19-debug: Compress settings.json and config.json √79%
3-22-2022 16:19-debug: Save config.json start79%
3-22-2022 16:19-log: // ---- Save config.json ----
3-22-2022 16:19-debug: Process: heapTotal 277.42MB heapUsed 204.74MB rss 304.64MB
3-22-2022 16:19-debug: Save config.json √80%
3-22-2022 16:19-debug: Save Settings.json start80%
3-22-2022 16:19-log: // ---- Save Settings.json ----
3-22-2022 16:19-debug: Process: heapTotal 277.42MB heapUsed 204.76MB rss 304.64MB
3-22-2022 16:19-debug: Save Settings.json √81%
3-22-2022 16:19-debug: Sort build template start81%
3-22-2022 16:19-log: // ---- Sort build template ----
3-22-2022 16:19-debug: Process: heapTotal 277.42MB heapUsed 204.92MB rss 304.64MB
3-22-2022 16:19-debug: Sort build template √82%
3-22-2022 16:19-debug: cocos-service:(onAfterCompressSettings) start...82%
3-22-2022 16:19-debug: Compress settings.json and config.json start78%
3-22-2022 16:19-debug: // ---- cocos-service:(onAfterCompressSettings) ----
3-22-2022 16:19-debug: Process: heapTotal 277.42MB heapUsed 208.56MB rss 305.04MB
3-22-2022 16:19-debug: // ---- cocos-service:(onAfterCompressSettings) success ----
3-22-2022 16:19-debug: cocos-service:(onAfterCompressSettings)85%
3-22-2022 16:19-debug: web-mobile:(onAfterBuild) start...85%
3-22-2022 16:19-debug: // ---- web-mobile:(onAfterBuild) ----
3-22-2022 16:19-debug: Process: heapTotal 277.42MB heapUsed 203.69MB rss 305.16MB
3-22-2022 16:19-debug: // ---- web-mobile:(onAfterBuild) success ----
3-22-2022 16:19-debug: web-mobile:(onAfterBuild)87%
3-22-2022 16:19-debug: cocos-service:(onAfterBuild) start...87%
3-22-2022 16:19-debug: // ---- cocos-service:(onAfterBuild) ----
3-22-2022 16:19-debug: Process: heapTotal 277.42MB heapUsed 205.58MB rss 305.18MB
3-22-2022 16:19-debug: // ---- cocos-service:(onAfterBuild) success ----
3-22-2022 16:19-debug: cocos-service:(onAfterBuild)90%
3-22-2022 16:19-debug: build success in 20153 ms!
3-22-2022 16:19-debug: Stop record console. {file(/Users/lamngo/Desktop/Cocos/FootballStar copy/temp/builder/log/web-mobile3-22-2022 16-19.log)}
