3-23-2022 10:43-debug: =================================== Build Task (lamnt-football-art) Start ================================
3-23-2022 10:43-debug: cocos-service:(onBeforeBuild) start...0%
3-23-2022 10:43-debug: // ---- cocos-service:(onBeforeBuild) ----
3-23-2022 10:43-debug: Process: heapTotal 261.17MB heapUsed 208.63MB rss 246.22MB
3-23-2022 10:43-debug: Build with Cocos Creator 3.4.1
3-23-2022 10:43-debug: Start record console... {file(/Users/lamngo/Desktop/Cocos/FootballStar copy/temp/builder/log/web-mobile3-23-2022 10-43.log)}
3-23-2022 10:43-debug: Start build task, options:{"name":"football-with-art","platform":"web-mobile","buildPath":"project://build","debug":false,"md5Cache":false,"sourceMaps":false,"replaceSplashScreen":false,"mainBundleCompressionType":"merge_dep","mainBundleIsRemote":false,"mergeStartScene":false,"experimentalEraseModules":false,"compressTexture":true,"packAutoAtlas":true,"startScene":"d9d0e385-3a22-4533-84a8-ac5c27798510","scenes":[{"url":"db://assets/Scene/main.scene","uuid":"d9d0e385-3a22-4533-84a8-ac5c27798510","inBundle":false},{"url":"db://assets/Scene/over.scene","uuid":"05a558c0-8cd8-40fb-84c7-3069f62473ea","inBundle":false}],"outputName":"lamnt-football-art","packages":{"web-mobile":{"orientation":"auto","polyfills":{"asyncFunctions":true}},"cocos-service":{"configID":"3996a1","services":[{"service_id":"235","service_component_name":"service-analytics","builder":"/Users/lamngo/.CocosCreator/.service/analytics/builder/builder.js","enable":true,"params":{"app_id":"649769247","store_id":"H5"}}]}}}
3-23-2022 10:43-debug: // ---- cocos-service:(onBeforeBuild) success ----
3-23-2022 10:43-debug: cocos-service:(onBeforeBuild)3%
3-23-2022 10:43-debug: Query all assets info in project
3-23-2022 10:43-debug: init custom config: keepNodeUuid: false, useCache: true
3-23-2022 10:43-debug: BuildAssetLibrary query-assets with assets 238
3-23-2022 10:43-debug: BuildAssetLibrary initialized with asset 352!
3-23-2022 10:43-debug:   Number of other assets: 400
3-23-2022 10:43-debug: // ---- web-mobile:(onAfterInit) ----
3-23-2022 10:43-debug: Process: heapTotal 261.39MB heapUsed 210.07MB rss 246.26MB
3-23-2022 10:43-debug: // ---- web-mobile:(onAfterInit) success ----
3-23-2022 10:43-debug: web-mobile:(onAfterInit)5%
3-23-2022 10:43-debug: Reload project scripts start5%
3-23-2022 10:43-debug: web-mobile:(onAfterInit) start...3%
3-23-2022 10:43-debug: Process: heapTotal 261.39MB heapUsed 210.41MB rss 246.26MB
3-23-2022 10:43-debug: reload all scripts.
3-23-2022 10:43-debug:   Number of all scenes: 2
3-23-2022 10:43-debug:   Number of all scripts: 4
3-23-2022 10:43-log: // ---- Reload project scripts ----
3-23-2022 10:43-debug: Incremental keys: 
3-23-2022 10:43-debug: Unregister Ball
3-23-2022 10:43-debug: Invalidating 'pack:///mods/cce/internal/x/prerequisite-imports.js'
3-23-2022 10:43-debug: Invalidating 'pack:///mods/fs/0/assets/Scripts/Ball.js'
3-23-2022 10:43-debug: Invalidating 'pack:///mods/cce/internal/x/cc.js'
3-23-2022 10:43-debug: Invalidating 'pack:///mods/fs/0/assets/Scripts/Crosshair.js'
3-23-2022 10:43-debug: Invalidating 'pack:///mods/cce/internal/code-quality/cr.js'
3-23-2022 10:43-debug: Invalidating 'pack:///mods/fs/0/assets/Scripts/GameController.js'
3-23-2022 10:43-debug: Invalidating 'pack:///mods/fs/0/assets/Scripts/Touch.js'
3-23-2022 10:43-debug: [[Executor]] Module "pack:///mods/cce/internal/x/prerequisite-imports.js" loaded.
3-23-2022 10:43-debug: [[Executor]] Module "pack:///mods/cce/internal/x/cc.js" loaded.
3-23-2022 10:43-debug: [[Executor]] Register Ball
3-23-2022 10:43-debug: [[Executor]] Module "pack:///mods/fs/0/assets/Scripts/Ball.js" loaded.
3-23-2022 10:43-debug: [[Executor]] Module "pack:///mods/cce/internal/code-quality/cr.js" loaded.
3-23-2022 10:43-debug: [[Executor]] Register GameController
3-23-2022 10:43-debug: [[Executor]] Module "pack:///mods/fs/0/assets/Scripts/GameController.js" loaded.
3-23-2022 10:43-debug: [[Executor]] Register Crosshair
3-23-2022 10:43-debug: [[Executor]] Module "pack:///mods/fs/0/assets/Scripts/Crosshair.js" loaded.
3-23-2022 10:43-debug: [[Executor]] Register Touch
3-23-2022 10:43-debug: [[Executor]] Module "pack:///mods/fs/0/assets/Scripts/Touch.js" loaded.
3-23-2022 10:43-debug: [[Executor]] Module "pack:///mods/cce/internal/x/prerequisite-imports.js" loaded.
3-23-2022 10:43-debug: Reload project scripts √6%
3-23-2022 10:43-debug: Unregister Crosshair
3-23-2022 10:43-log: // ---- Query asset bundle ----
3-23-2022 10:43-debug: Process: heapTotal 261.39MB heapUsed 211.05MB rss 246.26MB
3-23-2022 10:43-debug: Query asset bundle start6%
3-23-2022 10:43-debug: Unregister GameController
3-23-2022 10:43-debug: Unregister Touch
3-23-2022 10:43-debug: Query asset bundle √8%
3-23-2022 10:43-debug: Number of scenes: 2
3-23-2022 10:43-debug: Query and organize assets start8%
3-23-2022 10:43-log: // ---- Query and organize assets ----
3-23-2022 10:43-debug: Process: heapTotal 261.39MB heapUsed 211.15MB rss 246.26MB
3-23-2022 10:43-debug: Number of assets: 70
3-23-2022 10:43-debug: Number of asset bundle: 1
3-23-2022 10:43-log: // ---- Organize scripts ----
3-23-2022 10:43-debug: Organize scripts start9%
3-23-2022 10:43-debug: sort script group...
3-23-2022 10:43-debug: Organize texture compression tasks start10%
3-23-2022 10:43-debug: Organize scripts √10%
3-23-2022 10:43-debug: Process: heapTotal 246.17MB heapUsed 206.71MB rss 246.41MB
3-23-2022 10:43-debug: Query and organize assets √9%
3-23-2022 10:43-log: // ---- Organize texture compression tasks ----
3-23-2022 10:43-debug: Process: heapTotal 246.17MB heapUsed 206.69MB rss 246.41MB
3-23-2022 10:43-debug: Number of image-compress task: 0
3-23-2022 10:43-debug: Process: heapTotal 246.17MB heapUsed 206.98MB rss 246.41MB
3-23-2022 10:43-debug: Number of json group: 3
3-23-2022 10:43-debug: Group json √12%
3-23-2022 10:43-debug: Merging Texture2D json start12%
3-23-2022 10:43-log: // ---- Merging Texture2D json ----
3-23-2022 10:43-debug: Process: heapTotal 246.17MB heapUsed 207.03MB rss 246.41MB
3-23-2022 10:43-debug: Merging Texture2D json √14%
3-23-2022 10:43-debug:  start14%
3-23-2022 10:43-log: // ----  ----
3-23-2022 10:43-debug: Process: heapTotal 246.17MB heapUsed 207.06MB rss 246.41MB
3-23-2022 10:43-debug:  √15%
3-23-2022 10:43-debug: web-mobile:(onBeforeBuildAssets) start...15%
3-23-2022 10:43-debug: // ---- web-mobile:(onBeforeBuildAssets) ----
3-23-2022 10:43-debug: Process: heapTotal 246.17MB heapUsed 207.08MB rss 246.41MB
3-23-2022 10:43-debug: // ---- web-mobile:(onBeforeBuildAssets) success ----
3-23-2022 10:43-debug: web-mobile:(onBeforeBuildAssets)18%
3-23-2022 10:43-debug:  start18%
3-23-2022 10:43-log: // ----  ----
3-23-2022 10:43-debug: Process: heapTotal 246.17MB heapUsed 207.10MB rss 246.41MB
3-23-2022 10:43-debug: Group json start11%
3-23-2022 10:43-log: // ---- Group json ----
3-23-2022 10:43-debug: Organize texture compression tasks √11%
3-23-2022 10:43-debug: Build script18%
3-23-2022 10:43-debug: Process: heapTotal 261.67MB heapUsed 217.05MB rss 248.13MB
3-23-2022 10:43-debug: Copy externalScripts success!
3-23-2022 10:43-debug: Build script√18%
3-23-2022 10:43-debug: Build engine18%
3-23-2022 10:43-debug: Process: heapTotal 261.67MB heapUsed 204.72MB rss 248.71MB
3-23-2022 10:43-debug: Use cache engine: {link(/var/folders/ww/l9gf6zqj2gv298pfxmwysbcm0000gn/T/CocosCreator/3.4.1/builder/engine/ebc0da48c3035ad6458333a16539f668)}
3-23-2022 10:43-debug: {"debug":false,"sourceMaps":false,"includeModules":["base","gfx-webgl","2d","ui","physics-2d-box2d","intersection-2d","profiler","particle-2d","audio","video","webview","tween","tiled-map","spine","dragon-bones","marionette"],"engineVersion":"3.4.1","platform":"HTML5","md5Map":[],"engineName":"cocos-js","useCache":true,"split":false,"ammoJsWasm":"fallback","assetURLFormat":"runtime-resolved","entry":"/Applications/CocosCreator/Creator/3.4.1/CocosCreator.app/Contents/Resources/resources/3d/engine"}
3-23-2022 10:43-debug: Build engine√18%
3-23-2022 10:43-debug:  √24%
3-23-2022 10:43-debug: Build auto-atlas √31%
3-23-2022 10:43-debug: Compress Image start31%
3-23-2022 10:43-log: // ---- Compress Image ----
3-23-2022 10:43-debug: Process: heapTotal 261.67MB heapUsed 206.00MB rss 248.71MB
3-23-2022 10:43-debug: Compress Image √37%
3-23-2022 10:43-debug: Copy the resource start37%
3-23-2022 10:43-log: // ---- Copy the resource ----
3-23-2022 10:43-debug: Process: heapTotal 261.67MB heapUsed 206.01MB rss 248.71MB
3-23-2022 10:43-debug: Process: heapTotal 261.67MB heapUsed 205.98MB rss 248.71MB
3-23-2022 10:43-debug: Build auto-atlas start24%
3-23-2022 10:43-log: // ---- Build auto-atlas ----
3-23-2022 10:43-debug: Asset Bundle(main) handle assets: 70
3-23-2022 10:43-debug: Build the grouped json and scatter files to the specified location start44%
3-23-2022 10:43-debug: Copy the resource √44%
3-23-2022 10:43-debug: Process: heapTotal 261.67MB heapUsed 206.66MB rss 248.72MB
3-23-2022 10:43-log: // ---- Build the grouped json and scatter files to the specified location ----
3-23-2022 10:43-debug: Json group(build-task/json) compile success，json number: 6
3-23-2022 10:43-debug: Json group(build-task/json) compile success，json number: 6
3-23-2022 10:43-debug: Json group(build-task/json) compile success，json number: 6
3-23-2022 10:43-debug: Build the grouped json and scatter files to the specified location √51%
3-23-2022 10:43-log: // ---- Compress zip bundle ----
3-23-2022 10:43-debug: Process: heapTotal 261.67MB heapUsed 210.24MB rss 248.75MB
3-23-2022 10:43-debug: Add md5 suffix to assets start57%
3-23-2022 10:43-debug: Compress zip bundle √57%
3-23-2022 10:43-debug: Compress zip bundle start51%
3-23-2022 10:43-debug: Add md5 suffix to assets √68%
3-23-2022 10:43-debug: Init settings and config start68%
3-23-2022 10:43-debug: Process: heapTotal 261.67MB heapUsed 210.27MB rss 248.76MB
3-23-2022 10:43-debug: Init settings and config √68%
3-23-2022 10:43-debug: Process: heapTotal 261.67MB heapUsed 210.26MB rss 248.76MB
3-23-2022 10:43-debug: tasks.settings.macro start68%
3-23-2022 10:43-log: // ---- tasks.settings.macro ----
3-23-2022 10:43-debug: Process: heapTotal 261.67MB heapUsed 210.29MB rss 248.77MB
3-23-2022 10:43-log: // ---- Init settings and config ----
3-23-2022 10:43-log: // ---- Add md5 suffix to assets ----
3-23-2022 10:43-debug: tasks.settings.macro does not defined in i18n
3-23-2022 10:43-debug: tasks.settings.macro √69%
3-23-2022 10:43-debug: Use cached settings start69%
3-23-2022 10:43-debug: Process: heapTotal 261.67MB heapUsed 210.59MB rss 248.77MB
3-23-2022 10:43-log: // ---- Use cached settings ----
3-23-2022 10:43-debug: Use cached settings √69%
3-23-2022 10:43-log: // ---- custom joint texture layouts ----
3-23-2022 10:43-debug: custom joint texture layouts start69%
3-23-2022 10:43-debug: Process: heapTotal 261.67MB heapUsed 210.72MB rss 248.78MB
3-23-2022 10:43-debug: custom joint texture layouts √70%
3-23-2022 10:43-debug: custom joint physics start70%
3-23-2022 10:43-log: // ---- custom joint physics ----
3-23-2022 10:43-debug: Process: heapTotal 261.67MB heapUsed 210.80MB rss 248.78MB
3-23-2022 10:43-debug: custom joint physics √70%
3-23-2022 10:43-debug: Fill script data to settings start70%
3-23-2022 10:43-debug: Fill script data to settings √71%
3-23-2022 10:43-debug: Fill scene data to settings start71%
3-23-2022 10:43-debug: Process: heapTotal 261.67MB heapUsed 210.82MB rss 248.79MB
3-23-2022 10:43-debug: Fill scene data to settings √71%
3-23-2022 10:43-debug: Organize assets groups，generate packedAssets and rawAssets data start71%
3-23-2022 10:43-log: // ---- Organize assets groups，generate packedAssets and rawAssets data ----
3-23-2022 10:43-debug: Process: heapTotal 261.67MB heapUsed 210.83MB rss 248.80MB
3-23-2022 10:43-debug: Organize assets groups，generate packedAssets and rawAssets data √72%
3-23-2022 10:43-log: // ---- Generate md5AssetsMap from suffixMap to settings ----
3-23-2022 10:43-debug: Process: heapTotal 261.67MB heapUsed 210.85MB rss 248.80MB
3-23-2022 10:43-debug: options.md5Cache is false.
3-23-2022 10:43-debug: Generate md5AssetsMap from suffixMap to settings √72%
3-23-2022 10:43-debug: web-mobile:(onBeforeCompressSettings) start...72%
3-23-2022 10:43-debug: // ---- web-mobile:(onBeforeCompressSettings) ----
3-23-2022 10:43-debug: Process: heapTotal 261.67MB heapUsed 210.86MB rss 248.80MB
3-23-2022 10:43-debug: // ---- web-mobile:(onBeforeCompressSettings) success ----
3-23-2022 10:43-debug: web-mobile:(onBeforeCompressSettings)75%
3-23-2022 10:43-debug: cocos-service:(onBeforeCompressSettings) start...75%
3-23-2022 10:43-debug: // ---- cocos-service:(onBeforeCompressSettings) ----
3-23-2022 10:43-debug: Generate md5AssetsMap from suffixMap to settings start72%
3-23-2022 10:43-debug: Process: heapTotal 261.67MB heapUsed 210.81MB rss 248.78MB
3-23-2022 10:43-log: // ---- Fill script data to settings ----
3-23-2022 10:43-debug: Process: heapTotal 261.67MB heapUsed 210.88MB rss 248.81MB
3-23-2022 10:43-log: // ---- Fill scene data to settings ----
3-23-2022 10:43-debug: // ---- cocos-service:(onBeforeCompressSettings) success ----
3-23-2022 10:43-debug:  start77%
3-23-2022 10:43-debug: cocos-service:(onBeforeCompressSettings)77%
3-23-2022 10:43-log: // ----  ----
3-23-2022 10:43-debug: Process: heapTotal 261.67MB heapUsed 204.92MB rss 248.81MB
3-23-2022 10:43-debug: Compress settings.json and config.json start78%
3-23-2022 10:43-debug:  √78%
3-23-2022 10:43-debug: Process: heapTotal 261.67MB heapUsed 205.01MB rss 248.81MB
3-23-2022 10:43-log: // ---- Save config.json ----
3-23-2022 10:43-debug: Process: heapTotal 261.67MB heapUsed 205.07MB rss 248.81MB
3-23-2022 10:43-debug: Save config.json start79%
3-23-2022 10:43-debug: Compress settings.json and config.json √79%
3-23-2022 10:43-log: // ---- Compress settings.json and config.json ----
3-23-2022 10:43-debug: Save config.json √80%
3-23-2022 10:43-debug: Save Settings.json √81%
3-23-2022 10:43-debug: Sort build template start81%
3-23-2022 10:43-log: // ---- Sort build template ----
3-23-2022 10:43-debug: Process: heapTotal 261.67MB heapUsed 205.20MB rss 248.81MB
3-23-2022 10:43-debug: Sort build template √82%
3-23-2022 10:43-debug: cocos-service:(onAfterCompressSettings) start...82%
3-23-2022 10:43-debug: // ---- cocos-service:(onAfterCompressSettings) ----
3-23-2022 10:43-debug: Process: heapTotal 261.67MB heapUsed 208.73MB rss 248.81MB
3-23-2022 10:43-debug: Save Settings.json start80%
3-23-2022 10:43-log: // ---- Save Settings.json ----
3-23-2022 10:43-debug: Process: heapTotal 261.67MB heapUsed 205.09MB rss 248.81MB
3-23-2022 10:43-debug: // ---- cocos-service:(onAfterCompressSettings) success ----
3-23-2022 10:43-debug: cocos-service:(onAfterCompressSettings)85%
3-23-2022 10:43-debug: web-mobile:(onAfterBuild) start...85%
3-23-2022 10:43-debug: Process: heapTotal 261.67MB heapUsed 209.70MB rss 248.81MB
3-23-2022 10:43-debug: // ---- web-mobile:(onAfterBuild) success ----
3-23-2022 10:43-debug: web-mobile:(onAfterBuild)87%
3-23-2022 10:43-debug: // ---- cocos-service:(onAfterBuild) ----
3-23-2022 10:43-debug: // ---- web-mobile:(onAfterBuild) ----
3-23-2022 10:43-debug: cocos-service:(onAfterBuild) start...87%
3-23-2022 10:43-debug: Process: heapTotal 261.67MB heapUsed 211.55MB rss 248.85MB
3-23-2022 10:43-debug: // ---- cocos-service:(onAfterBuild) success ----
3-23-2022 10:43-debug: cocos-service:(onAfterBuild)90%
3-23-2022 10:43-debug: build success in 12355 ms!
3-23-2022 10:43-debug: Stop record console. {file(/Users/lamngo/Desktop/Cocos/FootballStar copy/temp/builder/log/web-mobile3-23-2022 10-43.log)}
3-23-2022 10:43-debug: Start build task, options:{"name":"football-with-art","platform":"web-mobile","buildPath":"project://build","debug":false,"md5Cache":false,"sourceMaps":false,"replaceSplashScreen":false,"mainBundleCompressionType":"merge_dep","mainBundleIsRemote":false,"mergeStartScene":false,"experimentalEraseModules":false,"compressTexture":true,"packAutoAtlas":true,"startScene":"d9d0e385-3a22-4533-84a8-ac5c27798510","scenes":[{"url":"db://assets/Scene/main.scene","uuid":"d9d0e385-3a22-4533-84a8-ac5c27798510","inBundle":false},{"url":"db://assets/Scene/over.scene","uuid":"05a558c0-8cd8-40fb-84c7-3069f62473ea","inBundle":false}],"outputName":"lamnt-football-art","packages":{"web-mobile":{"orientation":"auto","polyfills":{"asyncFunctions":true}},"cocos-service":{"configID":"3996a1","services":[{"service_id":"235","service_component_name":"service-analytics","builder":"/Users/lamngo/.CocosCreator/.service/analytics/builder/builder.js","enable":true,"params":{"app_id":"649769247","store_id":"H5"}}]}}}
3-23-2022 10:43-debug: Build with Cocos Creator 3.4.1
3-23-2022 10:43-debug: cocos-service:(onBeforeBuild) start...0%
3-23-2022 10:43-debug: // ---- cocos-service:(onBeforeBuild) ----
3-23-2022 10:43-debug: Process: heapTotal 261.67MB heapUsed 206.21MB rss 248.85MB
3-23-2022 10:43-debug: Start record console... {file(/Users/lamngo/Desktop/Cocos/FootballStar copy/temp/builder/log/web-mobile3-23-2022 10-43.log)}
3-23-2022 10:43-debug: =================================== Build Task (lamnt-football-art) Start ================================
3-23-2022 10:43-debug: // ---- cocos-service:(onBeforeBuild) success ----
3-23-2022 10:43-debug: cocos-service:(onBeforeBuild)3%
3-23-2022 10:43-debug: Query all assets info in project
3-23-2022 10:43-debug: init custom config: keepNodeUuid: false, useCache: true
3-23-2022 10:43-debug: BuildAssetLibrary query-assets with assets 238
3-23-2022 10:43-debug:   Number of all scripts: 4
3-23-2022 10:43-debug: web-mobile:(onAfterInit) start...3%
3-23-2022 10:43-debug: // ---- web-mobile:(onAfterInit) ----
3-23-2022 10:43-debug: Process: heapTotal 261.89MB heapUsed 207.67MB rss 248.85MB
3-23-2022 10:43-debug: // ---- web-mobile:(onAfterInit) success ----
3-23-2022 10:43-debug: web-mobile:(onAfterInit)5%
3-23-2022 10:43-debug: Reload project scripts start5%
3-23-2022 10:43-log: // ---- Reload project scripts ----
3-23-2022 10:43-debug: Process: heapTotal 261.89MB heapUsed 207.69MB rss 248.85MB
3-23-2022 10:43-debug: reload all scripts.
3-23-2022 10:43-debug: BuildAssetLibrary initialized with asset 352!
3-23-2022 10:43-debug:   Number of other assets: 400
3-23-2022 10:43-debug:   Number of all scenes: 2
3-23-2022 10:43-debug: Incremental keys: 
3-23-2022 10:43-debug: Unregister GameController
3-23-2022 10:43-debug: Invalidating 'pack:///mods/cce/internal/x/prerequisite-imports.js'
3-23-2022 10:43-debug: Invalidating 'pack:///mods/fs/0/assets/Scripts/Ball.js'
3-23-2022 10:43-debug: Invalidating 'pack:///mods/cce/internal/x/cc.js'
3-23-2022 10:43-debug: Invalidating 'pack:///mods/fs/0/assets/Scripts/Crosshair.js'
3-23-2022 10:43-debug: Invalidating 'pack:///mods/cce/internal/code-quality/cr.js'
3-23-2022 10:43-debug: Invalidating 'pack:///mods/fs/0/assets/Scripts/GameController.js'
3-23-2022 10:43-debug: Invalidating 'pack:///mods/fs/0/assets/Scripts/Touch.js'
3-23-2022 10:43-debug: [[Executor]] Module "pack:///mods/cce/internal/x/prerequisite-imports.js" loaded.
3-23-2022 10:43-debug: [[Executor]] Module "pack:///mods/cce/internal/x/cc.js" loaded.
3-23-2022 10:43-debug: [[Executor]] Register Ball
3-23-2022 10:43-debug: [[Executor]] Module "pack:///mods/fs/0/assets/Scripts/Ball.js" loaded.
3-23-2022 10:43-debug: [[Executor]] Module "pack:///mods/cce/internal/code-quality/cr.js" loaded.
3-23-2022 10:43-debug: [[Executor]] Register GameController
3-23-2022 10:43-debug: Unregister Touch
3-23-2022 10:43-debug: [[Executor]] Register Crosshair
3-23-2022 10:43-debug: [[Executor]] Module "pack:///mods/fs/0/assets/Scripts/Crosshair.js" loaded.
3-23-2022 10:43-debug: [[Executor]] Register Touch
3-23-2022 10:43-debug: Unregister Ball
3-23-2022 10:43-debug: [[Executor]] Module "pack:///mods/cce/internal/x/prerequisite-imports.js" loaded.
3-23-2022 10:43-debug: Reload project scripts √6%
3-23-2022 10:43-debug: Query asset bundle start6%
3-23-2022 10:43-log: // ---- Query asset bundle ----
3-23-2022 10:43-debug: Process: heapTotal 261.89MB heapUsed 208.30MB rss 248.85MB
3-23-2022 10:43-debug: [[Executor]] Module "pack:///mods/fs/0/assets/Scripts/GameController.js" loaded.
3-23-2022 10:43-debug: [[Executor]] Module "pack:///mods/fs/0/assets/Scripts/Touch.js" loaded.
3-23-2022 10:43-debug: Unregister Crosshair
3-23-2022 10:43-debug: Query asset bundle √8%
3-23-2022 10:43-debug: Number of scenes: 2
3-23-2022 10:43-log: // ---- Query and organize assets ----
3-23-2022 10:43-debug: Process: heapTotal 261.89MB heapUsed 208.40MB rss 248.85MB
3-23-2022 10:43-debug: Query and organize assets start8%
3-23-2022 10:43-debug: Number of assets: 70
3-23-2022 10:43-log: // ---- Organize scripts ----
3-23-2022 10:43-debug: Process: heapTotal 261.89MB heapUsed 209.96MB rss 248.85MB
3-23-2022 10:43-debug: sort script group...
3-23-2022 10:43-debug: Organize scripts √10%
3-23-2022 10:43-debug: Organize texture compression tasks start10%
3-23-2022 10:43-log: // ---- Organize texture compression tasks ----
3-23-2022 10:43-debug: Process: heapTotal 261.89MB heapUsed 209.97MB rss 248.85MB
3-23-2022 10:43-debug: Number of asset bundle: 1
3-23-2022 10:43-debug: Query and organize assets √9%
3-23-2022 10:43-debug: Organize scripts start9%
3-23-2022 10:43-debug: Number of image-compress task: 0
3-23-2022 10:43-log: // ---- Group json ----
3-23-2022 10:43-debug: Process: heapTotal 261.89MB heapUsed 210.25MB rss 248.85MB
3-23-2022 10:43-debug: Number of json group: 3
3-23-2022 10:43-debug: Merging Texture2D json start12%
3-23-2022 10:43-log: // ---- Merging Texture2D json ----
3-23-2022 10:43-debug: Group json √12%
3-23-2022 10:43-debug: Merging Texture2D json √14%
3-23-2022 10:43-debug:  start14%
3-23-2022 10:43-log: // ----  ----
3-23-2022 10:43-debug: Group json start11%
3-23-2022 10:43-debug:  √15%
3-23-2022 10:43-debug: // ---- web-mobile:(onBeforeBuildAssets) ----
3-23-2022 10:43-debug: Process: heapTotal 261.89MB heapUsed 210.33MB rss 248.88MB
3-23-2022 10:43-debug: web-mobile:(onBeforeBuildAssets) start...15%
3-23-2022 10:43-debug: Process: heapTotal 261.89MB heapUsed 210.35MB rss 248.88MB
3-23-2022 10:43-debug: web-mobile:(onBeforeBuildAssets)18%
3-23-2022 10:43-debug:  start18%
3-23-2022 10:43-debug: // ---- web-mobile:(onBeforeBuildAssets) success ----
3-23-2022 10:43-log: // ----  ----
3-23-2022 10:43-debug: Organize texture compression tasks √11%
3-23-2022 10:43-debug: Process: heapTotal 261.89MB heapUsed 210.30MB rss 248.85MB
3-23-2022 10:43-debug: Process: heapTotal 261.89MB heapUsed 210.37MB rss 248.88MB
3-23-2022 10:44-debug: Process: heapTotal 262.17MB heapUsed 218.97MB rss 249.43MB
3-23-2022 10:44-debug: Build script18%
3-23-2022 10:44-debug: Copy externalScripts success!
3-23-2022 10:44-debug: Build script√18%
3-23-2022 10:44-debug: Build engine18%
3-23-2022 10:44-debug: Process: heapTotal 261.92MB heapUsed 204.05MB rss 250.12MB
3-23-2022 10:44-debug: Use cache engine: {link(/var/folders/ww/l9gf6zqj2gv298pfxmwysbcm0000gn/T/CocosCreator/3.4.1/builder/engine/ebc0da48c3035ad6458333a16539f668)}
3-23-2022 10:44-debug: {"debug":false,"sourceMaps":false,"includeModules":["base","gfx-webgl","2d","ui","physics-2d-box2d","intersection-2d","profiler","particle-2d","audio","video","webview","tween","tiled-map","spine","dragon-bones","marionette"],"engineVersion":"3.4.1","platform":"HTML5","md5Map":[],"engineName":"cocos-js","useCache":true,"split":false,"ammoJsWasm":"fallback","assetURLFormat":"runtime-resolved","entry":"/Applications/CocosCreator/Creator/3.4.1/CocosCreator.app/Contents/Resources/resources/3d/engine"}
3-23-2022 10:44-debug: Build engine√18%
3-23-2022 10:44-debug:  √24%
3-23-2022 10:44-debug: Build auto-atlas start24%
3-23-2022 10:44-debug: Compress Image start31%
3-23-2022 10:44-log: // ---- Compress Image ----
3-23-2022 10:44-debug: Process: heapTotal 261.92MB heapUsed 205.28MB rss 250.12MB
3-23-2022 10:44-debug: Compress Image √37%
3-23-2022 10:44-debug: Copy the resource start37%
3-23-2022 10:44-log: // ---- Copy the resource ----
3-23-2022 10:44-debug: Process: heapTotal 261.92MB heapUsed 205.29MB rss 250.12MB
3-23-2022 10:44-debug: Process: heapTotal 261.92MB heapUsed 205.26MB rss 250.12MB
3-23-2022 10:44-debug: Build auto-atlas √31%
3-23-2022 10:44-log: // ---- Build auto-atlas ----
3-23-2022 10:44-debug: Asset Bundle(main) handle assets: 70
3-23-2022 10:44-debug: Process: heapTotal 261.92MB heapUsed 205.95MB rss 250.12MB
3-23-2022 10:44-debug: Copy the resource √44%
3-23-2022 10:44-log: // ---- Build the grouped json and scatter files to the specified location ----
3-23-2022 10:44-debug: Build the grouped json and scatter files to the specified location start44%
3-23-2022 10:44-debug: Json group(build-task/json) compile success，json number: 6
3-23-2022 10:44-debug: Json group(build-task/json) compile success，json number: 6
3-23-2022 10:44-debug: Json group(build-task/json) compile success，json number: 6
3-23-2022 10:44-debug: Build the grouped json and scatter files to the specified location √51%
3-23-2022 10:44-debug: Compress zip bundle start51%
3-23-2022 10:44-debug: Compress zip bundle √57%
3-23-2022 10:44-log: // ---- Add md5 suffix to assets ----
3-23-2022 10:44-debug: Process: heapTotal 261.92MB heapUsed 209.55MB rss 250.13MB
3-23-2022 10:44-debug: Add md5 suffix to assets √68%
3-23-2022 10:44-debug: Init settings and config start68%
3-23-2022 10:44-log: // ---- Init settings and config ----
3-23-2022 10:44-debug: Process: heapTotal 261.92MB heapUsed 209.56MB rss 250.13MB
3-23-2022 10:44-debug: Init settings and config √68%
3-23-2022 10:44-debug: tasks.settings.macro does not defined in i18n
3-23-2022 10:44-debug: tasks.settings.macro start68%
3-23-2022 10:44-log: // ---- tasks.settings.macro ----
3-23-2022 10:44-debug: Process: heapTotal 261.92MB heapUsed 209.58MB rss 250.13MB
3-23-2022 10:44-debug: Process: heapTotal 261.92MB heapUsed 209.53MB rss 250.13MB
3-23-2022 10:44-log: // ---- Compress zip bundle ----
3-23-2022 10:44-debug: Add md5 suffix to assets start57%
3-23-2022 10:44-debug: tasks.settings.macro √69%
3-23-2022 10:44-debug: Use cached settings start69%
3-23-2022 10:44-log: // ---- Use cached settings ----
3-23-2022 10:44-debug: Process: heapTotal 261.92MB heapUsed 209.89MB rss 250.13MB
3-23-2022 10:44-debug: Use cached settings √69%
3-23-2022 10:44-debug: custom joint texture layouts start69%
3-23-2022 10:44-log: // ---- custom joint texture layouts ----
3-23-2022 10:44-debug: Process: heapTotal 261.92MB heapUsed 210.01MB rss 250.13MB
3-23-2022 10:44-debug: custom joint texture layouts √70%
3-23-2022 10:44-debug: custom joint physics √70%
3-23-2022 10:44-debug: Fill script data to settings start70%
3-23-2022 10:44-log: // ---- Fill script data to settings ----
3-23-2022 10:44-debug: Process: heapTotal 261.92MB heapUsed 204.14MB rss 250.13MB
3-23-2022 10:44-debug: Fill script data to settings √71%
3-23-2022 10:44-debug: Fill scene data to settings start71%
3-23-2022 10:44-log: // ---- Fill scene data to settings ----
3-23-2022 10:44-debug: Process: heapTotal 261.92MB heapUsed 204.15MB rss 250.13MB
3-23-2022 10:44-debug: Fill scene data to settings √71%
3-23-2022 10:44-debug: Organize assets groups，generate packedAssets and rawAssets data start71%
3-23-2022 10:44-log: // ---- Organize assets groups，generate packedAssets and rawAssets data ----
3-23-2022 10:44-debug: Process: heapTotal 261.92MB heapUsed 204.16MB rss 250.13MB
3-23-2022 10:44-debug: Organize assets groups，generate packedAssets and rawAssets data √72%
3-23-2022 10:44-debug: Generate md5AssetsMap from suffixMap to settings start72%
3-23-2022 10:44-log: // ---- Generate md5AssetsMap from suffixMap to settings ----
3-23-2022 10:44-debug: Process: heapTotal 261.92MB heapUsed 204.18MB rss 250.13MB
3-23-2022 10:44-debug: options.md5Cache is false.
3-23-2022 10:44-debug: Generate md5AssetsMap from suffixMap to settings √72%
3-23-2022 10:44-log: // ---- custom joint physics ----
3-23-2022 10:44-debug: // ---- web-mobile:(onBeforeCompressSettings) ----
3-23-2022 10:44-debug: Process: heapTotal 261.92MB heapUsed 204.19MB rss 250.13MB
3-23-2022 10:44-debug: // ---- web-mobile:(onBeforeCompressSettings) success ----
3-23-2022 10:44-debug: web-mobile:(onBeforeCompressSettings)75%
3-23-2022 10:44-debug: cocos-service:(onBeforeCompressSettings) start...75%
3-23-2022 10:44-debug: // ---- cocos-service:(onBeforeCompressSettings) ----
3-23-2022 10:44-debug: Process: heapTotal 261.92MB heapUsed 204.21MB rss 250.13MB
3-23-2022 10:44-debug: Process: heapTotal 261.92MB heapUsed 204.13MB rss 250.13MB
3-23-2022 10:44-debug: web-mobile:(onBeforeCompressSettings) start...72%
3-23-2022 10:44-debug: custom joint physics start70%
3-23-2022 10:44-debug: // ---- cocos-service:(onBeforeCompressSettings) success ----
3-23-2022 10:44-log: // ----  ----
3-23-2022 10:44-debug:  start77%
3-23-2022 10:44-debug: Process: heapTotal 261.92MB heapUsed 204.88MB rss 250.13MB
3-23-2022 10:44-debug: cocos-service:(onBeforeCompressSettings)77%
3-23-2022 10:44-debug:  √78%
3-23-2022 10:44-debug: Compress settings.json and config.json √79%
3-23-2022 10:44-debug: Save config.json start79%
3-23-2022 10:44-log: // ---- Save config.json ----
3-23-2022 10:44-debug: Process: heapTotal 261.92MB heapUsed 205.04MB rss 250.13MB
3-23-2022 10:44-debug: Save config.json √80%
3-23-2022 10:44-debug: Save Settings.json start80%
3-23-2022 10:44-log: // ---- Save Settings.json ----
3-23-2022 10:44-debug: Process: heapTotal 261.92MB heapUsed 205.06MB rss 250.13MB
3-23-2022 10:44-debug: Save Settings.json √81%
3-23-2022 10:44-debug: Sort build template start81%
3-23-2022 10:44-log: // ---- Sort build template ----
3-23-2022 10:44-debug: Process: heapTotal 261.92MB heapUsed 205.16MB rss 250.13MB
3-23-2022 10:44-debug: Sort build template √82%
3-23-2022 10:44-debug: cocos-service:(onAfterCompressSettings) start...82%
3-23-2022 10:44-debug: // ---- cocos-service:(onAfterCompressSettings) ----
3-23-2022 10:44-debug: Process: heapTotal 261.92MB heapUsed 208.69MB rss 250.13MB
3-23-2022 10:44-log: // ---- Compress settings.json and config.json ----
3-23-2022 10:44-debug: Process: heapTotal 261.92MB heapUsed 204.97MB rss 250.13MB
3-23-2022 10:44-debug: Compress settings.json and config.json start78%
3-23-2022 10:44-debug: // ---- cocos-service:(onAfterCompressSettings) success ----
3-23-2022 10:44-debug: cocos-service:(onAfterCompressSettings)85%
3-23-2022 10:44-debug: // ---- web-mobile:(onAfterBuild) success ----
3-23-2022 10:44-debug: web-mobile:(onAfterBuild)87%
3-23-2022 10:44-debug: cocos-service:(onAfterBuild) start...87%
3-23-2022 10:44-debug: // ---- cocos-service:(onAfterBuild) ----
3-23-2022 10:44-debug: web-mobile:(onAfterBuild) start...85%
3-23-2022 10:44-debug: Process: heapTotal 261.92MB heapUsed 209.70MB rss 250.13MB
3-23-2022 10:44-debug: // ---- web-mobile:(onAfterBuild) ----
3-23-2022 10:44-debug: Process: heapTotal 261.92MB heapUsed 211.53MB rss 251.11MB
3-23-2022 10:44-debug: // ---- cocos-service:(onAfterBuild) success ----
3-23-2022 10:44-debug: cocos-service:(onAfterBuild)90%
3-23-2022 10:44-debug: build success in 12492 ms!
3-23-2022 10:44-debug: Stop record console. {file(/Users/lamngo/Desktop/Cocos/FootballStar copy/temp/builder/log/web-mobile3-23-2022 10-43.log)}
