2-17-2022 16:32-debug: Start record console... {file(/Users/lamngo/Desktop/Cocos/FootballStar/temp/builder/log/web-desktop2-17-2022 16-32.log)}
2-17-2022 16:32-debug: cocos-service:(onBeforeBuild) start...0%
2-17-2022 16:32-debug: Start build task, options:{"name":"lamngo-footballStar","platform":"web-desktop","buildPath":"project://build","debug":false,"md5Cache":false,"sourceMaps":false,"replaceSplashScreen":false,"mainBundleCompressionType":"merge_dep","mainBundleIsRemote":false,"mergeStartScene":false,"experimentalEraseModules":false,"compressTexture":true,"packAutoAtlas":true,"startScene":"d9d0e385-3a22-4533-84a8-ac5c27798510","scenes":[{"url":"db://assets/Scene/over.scene","uuid":"05a558c0-8cd8-40fb-84c7-3069f62473ea","inBundle":false},{"url":"db://assets/Scene/main.scene","uuid":"d9d0e385-3a22-4533-84a8-ac5c27798510","inBundle":false}],"outputName":"lamngo-football","packages":{"web-desktop":{"resolution":{"designWidth":1280,"designHeight":960},"polyfills":{"asyncFunctions":false}},"cocos-service":{"configID":"3996a1","services":[{"service_id":"235","service_component_name":"service-analytics","builder":"/Users/lamngo/.CocosCreator/.service/analytics/builder/builder.js","enable":true,"params":{"app_id":"649769247","store_id":"H5"}}]}}}
2-17-2022 16:32-debug: // ---- cocos-service:(onBeforeBuild) ----
2-17-2022 16:32-debug: =================================== Build Task (lamngo-football) Start ================================
2-17-2022 16:32-debug: Build with Cocos Creator 3.3.2
2-17-2022 16:32-debug: Process: heapTotal 222.31MB heapUsed 194.59MB rss 252.59MB
2-17-2022 16:32-debug: // ---- cocos-service:(onBeforeBuild) success ----
2-17-2022 16:32-debug: cocos-service:(onBeforeBuild)3%
2-17-2022 16:32-debug: Query all assets info in project
2-17-2022 16:32-debug: BuildAssetLibrary query-assets with assets 194
2-17-2022 16:32-debug:   Number of all scenes: 2
2-17-2022 16:32-debug: BuildAssetLibrary initialized with asset 265!
2-17-2022 16:32-debug: // ---- web-desktop:(onAfterInit) ----
2-17-2022 16:32-debug: Process: heapTotal 222.48MB heapUsed 195.74MB rss 252.60MB
2-17-2022 16:32-debug: // ---- web-desktop:(onAfterInit) success ----
2-17-2022 16:32-debug:   Number of all scripts: 4
2-17-2022 16:32-debug: Reload project scripts start5%
2-17-2022 16:32-log: // ---- Reload project scripts ----
2-17-2022 16:32-debug: Process: heapTotal 222.48MB heapUsed 195.76MB rss 252.61MB
2-17-2022 16:32-debug: reload all scripts.
2-17-2022 16:32-debug: web-desktop:(onAfterInit)5%
2-17-2022 16:32-debug:   Number of other assets: 279
2-17-2022 16:32-debug: web-desktop:(onAfterInit) start...3%
2-17-2022 16:32-debug: Unregister Ball
2-17-2022 16:32-debug: Unregister GameController
2-17-2022 16:32-debug: Invalidating 'pack:///mods/fs/0/assets/Scripts/Ball.js'
2-17-2022 16:32-debug: Unregister Touch
2-17-2022 16:32-debug: Invalidating 'pack:///mods/cce/internal/x/cc.js'
2-17-2022 16:32-debug: Invalidating 'pack:///mods/cce/internal/code-quality/cr.js'
2-17-2022 16:32-debug: Invalidating 'pack:///mods/fs/0/assets/Scripts/Touch.js'
2-17-2022 16:32-debug: Invalidating 'pack:///mods/fs/0/assets/Scripts/GameController.js'
2-17-2022 16:32-debug: [[Executor]] Module "pack:///mods/cce/internal/x/prerequisite-imports.js" loaded.
2-17-2022 16:32-debug: [[Executor]] Module "pack:///mods/cce/internal/x/cc.js" loaded.
2-17-2022 16:32-debug: [[Executor]] Register Ball
2-17-2022 16:32-debug: [[Executor]] Module "pack:///mods/fs/0/assets/Scripts/Ball.js" loaded.
2-17-2022 16:32-debug: [[Executor]] Module "pack:///mods/cce/internal/code-quality/cr.js" loaded.
2-17-2022 16:32-debug: [[Executor]] Register GameController
2-17-2022 16:32-debug: [[Executor]] Module "pack:///mods/fs/0/assets/Scripts/GameController.js" loaded.
2-17-2022 16:32-debug: [[Executor]] Register Crosshair
2-17-2022 16:32-debug: [[Executor]] Module "pack:///mods/fs/0/assets/Scripts/Crosshair.js" loaded.
2-17-2022 16:32-debug: [[Executor]] Register Touch
2-17-2022 16:32-debug: [[Executor]] Module "pack:///mods/fs/0/assets/Scripts/Touch.js" loaded.
2-17-2022 16:32-debug: [[Executor]] Module "pack:///mods/cce/internal/x/prerequisite-imports.js" loaded.
2-17-2022 16:32-debug: Reload project scripts √6%
2-17-2022 16:32-debug: Query asset bundle start6%
2-17-2022 16:32-log: // ---- Query asset bundle ----
2-17-2022 16:32-debug: Process: heapTotal 222.48MB heapUsed 196.20MB rss 252.70MB
2-17-2022 16:32-debug: Invalidating 'pack:///mods/fs/0/assets/Scripts/Crosshair.js'
2-17-2022 16:32-debug: Invalidating 'pack:///mods/cce/internal/x/prerequisite-imports.js'
2-17-2022 16:32-debug: Unregister Crosshair
2-17-2022 16:32-debug: Query and organize assets start8%
2-17-2022 16:32-debug: Number of scenes: 2
2-17-2022 16:32-debug: Query asset bundle √8%
2-17-2022 16:32-log: // ---- Query and organize assets ----
2-17-2022 16:32-debug: Process: heapTotal 222.48MB heapUsed 196.29MB rss 252.70MB
2-17-2022 16:32-debug: Number of assets: 22
2-17-2022 16:32-debug: Query and organize assets √9%
2-17-2022 16:32-debug: Process: heapTotal 208.06MB heapUsed 191.78MB rss 252.77MB
2-17-2022 16:32-debug: sort script group...
2-17-2022 16:32-log: // ---- Organize scripts ----
2-17-2022 16:32-debug: Organize scripts start9%
2-17-2022 16:32-debug: Number of asset bundle: 1
2-17-2022 16:32-debug: Organize scripts √10%
2-17-2022 16:32-debug: Organize texture compression tasks start10%
2-17-2022 16:32-log: // ---- Organize texture compression tasks ----
2-17-2022 16:32-debug: Process: heapTotal 208.06MB heapUsed 191.84MB rss 252.77MB
2-17-2022 16:32-debug: Number of image-compress task: 0
2-17-2022 16:32-debug: Process: heapTotal 208.06MB heapUsed 191.93MB rss 252.78MB
2-17-2022 16:32-debug: Number of json group: 2
2-17-2022 16:32-debug: Group json √12%
2-17-2022 16:32-debug: Merging Texture2D json start12%
2-17-2022 16:32-log: // ---- Merging Texture2D json ----
2-17-2022 16:32-debug: Process: heapTotal 208.06MB heapUsed 191.95MB rss 252.78MB
2-17-2022 16:32-debug: Merging Texture2D json √14%
2-17-2022 16:32-debug:  start14%
2-17-2022 16:32-log: // ----  ----
2-17-2022 16:32-debug: Process: heapTotal 208.06MB heapUsed 191.97MB rss 252.78MB
2-17-2022 16:32-debug:  √15%
2-17-2022 16:32-debug: web-desktop:(onBeforeBuildAssets) start...15%
2-17-2022 16:32-debug: // ---- web-desktop:(onBeforeBuildAssets) ----
2-17-2022 16:32-debug: Process: heapTotal 208.06MB heapUsed 191.98MB rss 252.78MB
2-17-2022 16:32-debug: // ---- web-desktop:(onBeforeBuildAssets) success ----
2-17-2022 16:32-debug: web-desktop:(onBeforeBuildAssets)18%
2-17-2022 16:32-debug:  start18%
2-17-2022 16:32-log: // ----  ----
2-17-2022 16:32-log: // ---- Group json ----
2-17-2022 16:32-debug: Organize texture compression tasks √11%
2-17-2022 16:32-debug: Group json start11%
2-17-2022 16:32-debug: Process: heapTotal 208.06MB heapUsed 192.00MB rss 252.78MB
2-17-2022 16:32-debug: Build script18%
2-17-2022 16:32-debug: Process: heapTotal 223.31MB heapUsed 181.47MB rss 253.81MB
2-17-2022 16:32-debug: Copy externalScripts success!
2-17-2022 16:32-debug: Build script√18%
2-17-2022 16:32-debug: Build engine18%
2-17-2022 16:32-debug: Process: heapTotal 223.31MB heapUsed 193.64MB rss 254.06MB
2-17-2022 16:32-debug: Use cache engine: {link(/var/folders/ww/l9gf6zqj2gv298pfxmwysbcm0000gn/T/CocosCreator/3.3.2/builder/engine/2c95b09ffbe3bac0aefd68ef09548d9a)}
2-17-2022 16:32-debug: {"debug":false,"sourceMaps":false,"includeModules":["base","gfx-webgl","2d","ui","physics-2d-box2d","intersection-2d","profiler","particle-2d","audio","video","webview","tween","tiled-map","spine","dragon-bones"],"engineVersion":"3.3.2","platform":"HTML5","md5Map":[],"engineName":"cocos-js","useCache":true,"ammoJsWasm":"fallback","assetURLFormat":"runtime-resolved","entry":"/Applications/CocosCreator/Creator/3.3.2/CocosCreator.app/Contents/Resources/resources/3d/engine"}
2-17-2022 16:32-debug: Build engine√18%
2-17-2022 16:32-debug:  √24%
2-17-2022 16:32-debug: Build auto-atlas start24%
2-17-2022 16:32-log: // ---- Build auto-atlas ----
2-17-2022 16:32-debug: Process: heapTotal 223.31MB heapUsed 190.67MB rss 254.06MB
2-17-2022 16:32-debug: Process: heapTotal 223.31MB heapUsed 190.69MB rss 254.06MB
2-17-2022 16:32-debug: Compress Image √37%
2-17-2022 16:32-debug: Copy the resource start37%
2-17-2022 16:32-log: // ---- Copy the resource ----
2-17-2022 16:32-debug: Process: heapTotal 223.31MB heapUsed 190.70MB rss 254.06MB
2-17-2022 16:32-log: // ---- Compress Image ----
2-17-2022 16:32-debug: Build auto-atlas √31%
2-17-2022 16:32-debug: Compress Image start31%
2-17-2022 16:32-debug: Asset Bundle(main) handle assets: 22
2-17-2022 16:32-debug: Copy the resource √44%
2-17-2022 16:32-debug: Build the grouped json and scatter files to the specified location start44%
2-17-2022 16:32-log: // ---- Build the grouped json and scatter files to the specified location ----
2-17-2022 16:32-debug: Process: heapTotal 223.31MB heapUsed 190.92MB rss 254.06MB
2-17-2022 16:32-debug: Json group(build-task/json) compile success，json number: 6
2-17-2022 16:32-debug: Json group(build-task/json) compile success，json number: 6
2-17-2022 16:32-debug: Build the grouped json and scatter files to the specified location √51%
2-17-2022 16:32-debug: Compress zip bundle start51%
2-17-2022 16:32-log: // ---- Compress zip bundle ----
2-17-2022 16:32-debug: Process: heapTotal 223.31MB heapUsed 192.61MB rss 254.06MB
2-17-2022 16:32-debug: Compress zip bundle √57%
2-17-2022 16:32-debug: Add md5 suffix to assets start57%
2-17-2022 16:32-log: // ---- Add md5 suffix to assets ----
2-17-2022 16:32-debug: Process: heapTotal 223.31MB heapUsed 192.62MB rss 254.06MB
2-17-2022 16:32-debug: Add md5 suffix to assets √68%
2-17-2022 16:32-debug: Init settings and config start68%
2-17-2022 16:32-log: // ---- Init settings and config ----
2-17-2022 16:32-debug: Process: heapTotal 223.31MB heapUsed 192.63MB rss 254.06MB
2-17-2022 16:32-debug: Init settings and config √68%
2-17-2022 16:32-debug: tasks.settings.macro does not defined in i18n
2-17-2022 16:32-debug: tasks.settings.macro start68%
2-17-2022 16:32-log: // ---- tasks.settings.macro ----
2-17-2022 16:32-debug: Process: heapTotal 223.31MB heapUsed 192.65MB rss 254.06MB
2-17-2022 16:32-debug: tasks.settings.macro √69%
2-17-2022 16:32-debug: Use cached settings start69%
2-17-2022 16:32-log: // ---- Use cached settings ----
2-17-2022 16:32-debug: Process: heapTotal 223.31MB heapUsed 192.81MB rss 254.06MB
2-17-2022 16:32-debug: Use cached settings √69%
2-17-2022 16:32-debug: custom joint texture layouts start69%
2-17-2022 16:32-log: // ---- custom joint texture layouts ----
2-17-2022 16:32-debug: Process: heapTotal 223.31MB heapUsed 192.90MB rss 254.06MB
2-17-2022 16:32-debug: custom joint texture layouts √70%
2-17-2022 16:32-debug: custom joint physics start70%
2-17-2022 16:32-log: // ---- custom joint physics ----
2-17-2022 16:32-log: // ---- Fill script data to settings ----
2-17-2022 16:32-debug: Process: heapTotal 223.31MB heapUsed 192.96MB rss 254.06MB
2-17-2022 16:32-debug: Fill script data to settings √71%
2-17-2022 16:32-debug: Fill script data to settings start70%
2-17-2022 16:32-log: // ---- Fill scene data to settings ----
2-17-2022 16:32-debug: Process: heapTotal 223.31MB heapUsed 192.98MB rss 254.06MB
2-17-2022 16:32-debug: Fill scene data to settings √71%
2-17-2022 16:32-debug: Organize assets groups，generate packedAssets and rawAssets data start71%
2-17-2022 16:32-log: // ---- Organize assets groups，generate packedAssets and rawAssets data ----
2-17-2022 16:32-debug: Process: heapTotal 223.31MB heapUsed 192.99MB rss 254.06MB
2-17-2022 16:32-debug: Organize assets groups，generate packedAssets and rawAssets data √72%
2-17-2022 16:32-debug: Generate md5AssetsMap from suffixMap to settings start72%
2-17-2022 16:32-log: // ---- Generate md5AssetsMap from suffixMap to settings ----
2-17-2022 16:32-debug: custom joint physics √70%
2-17-2022 16:32-debug: options.md5Cache is false.
2-17-2022 16:32-debug: Process: heapTotal 223.31MB heapUsed 193.00MB rss 254.07MB
2-17-2022 16:32-debug: web-desktop:(onBeforeCompressSettings) start...72%
2-17-2022 16:32-debug: // ---- web-desktop:(onBeforeCompressSettings) ----
2-17-2022 16:32-debug: Process: heapTotal 223.31MB heapUsed 193.01MB rss 254.07MB
2-17-2022 16:32-debug: // ---- web-desktop:(onBeforeCompressSettings) success ----
2-17-2022 16:32-debug: web-desktop:(onBeforeCompressSettings)75%
2-17-2022 16:32-debug: cocos-service:(onBeforeCompressSettings) start...75%
2-17-2022 16:32-debug: // ---- cocos-service:(onBeforeCompressSettings) ----
2-17-2022 16:32-debug: Fill scene data to settings start71%
2-17-2022 16:32-debug: Process: heapTotal 223.31MB heapUsed 193.03MB rss 254.07MB
2-17-2022 16:32-debug: Generate md5AssetsMap from suffixMap to settings √72%
2-17-2022 16:32-debug: Process: heapTotal 223.31MB heapUsed 192.95MB rss 254.06MB
2-17-2022 16:32-debug: // ---- cocos-service:(onBeforeCompressSettings) success ----
2-17-2022 16:32-debug: cocos-service:(onBeforeCompressSettings)77%
2-17-2022 16:32-debug:  start77%
2-17-2022 16:32-debug: Process: heapTotal 223.31MB heapUsed 193.48MB rss 254.07MB
2-17-2022 16:32-log: // ----  ----
2-17-2022 16:32-debug:  √78%
2-17-2022 16:32-debug: Compress settings.json and config.json start78%
2-17-2022 16:32-log: // ---- Compress settings.json and config.json ----
2-17-2022 16:32-debug: Process: heapTotal 223.31MB heapUsed 193.51MB rss 254.07MB
2-17-2022 16:32-debug: Compress settings.json and config.json √79%
2-17-2022 16:32-debug: Save config.json start79%
2-17-2022 16:32-log: // ---- Save config.json ----
2-17-2022 16:32-debug: Process: heapTotal 223.31MB heapUsed 193.55MB rss 254.07MB
2-17-2022 16:32-debug: Save config.json √80%
2-17-2022 16:32-debug: Save Settings.json start80%
2-17-2022 16:32-log: // ---- Save Settings.json ----
2-17-2022 16:32-debug: Sort build template start81%
2-17-2022 16:32-debug: Save Settings.json √81%
2-17-2022 16:32-log: // ---- Sort build template ----
2-17-2022 16:32-debug: Process: heapTotal 223.31MB heapUsed 193.75MB rss 254.07MB
2-17-2022 16:32-debug: Process: heapTotal 223.31MB heapUsed 193.56MB rss 254.07MB
2-17-2022 16:32-debug: Sort build template √82%
2-17-2022 16:32-debug: cocos-service:(onAfterCompressSettings) start...82%
2-17-2022 16:32-debug: // ---- cocos-service:(onAfterCompressSettings) ----
2-17-2022 16:32-debug: Process: heapTotal 223.31MB heapUsed 191.70MB rss 254.07MB
2-17-2022 16:32-debug: // ---- cocos-service:(onAfterCompressSettings) success ----
2-17-2022 16:32-debug: cocos-service:(onAfterCompressSettings)85%
2-17-2022 16:32-debug: web-desktop:(onAfterBuild) start...85%
2-17-2022 16:32-debug: // ---- web-desktop:(onAfterBuild) ----
2-17-2022 16:32-debug: Process: heapTotal 223.31MB heapUsed 192.53MB rss 254.07MB
2-17-2022 16:32-debug: // ---- web-desktop:(onAfterBuild) success ----
2-17-2022 16:32-debug: web-desktop:(onAfterBuild)87%
2-17-2022 16:32-debug: cocos-service:(onAfterBuild) start...87%
2-17-2022 16:32-debug: // ---- cocos-service:(onAfterBuild) ----
2-17-2022 16:32-debug: Process: heapTotal 223.31MB heapUsed 194.51MB rss 254.07MB
2-17-2022 16:32-debug: // ---- cocos-service:(onAfterBuild) success ----
2-17-2022 16:32-debug: cocos-service:(onAfterBuild)90%
2-17-2022 16:32-debug: build success in 13144 ms!
2-17-2022 16:32-debug: Stop record console. {file(/Users/lamngo/Desktop/Cocos/FootballStar/temp/builder/log/web-desktop2-17-2022 16-32.log)}
