2-24-2022 09:27-debug: Start record console... {file(/Users/lamngo/Desktop/Cocos/FootballStar/temp/builder/log/web-mobile2-24-2022 09-27.log)}
2-24-2022 09:27-debug: cocos-service:(onBeforeBuild) start...0%
2-24-2022 09:27-debug: // ---- cocos-service:(onBeforeBuild) ----
2-24-2022 09:27-debug: Process: heapTotal 208.73MB heapUsed 187.63MB rss 319.92MB
2-24-2022 09:27-debug: =================================== Build Task (footballstar) Start ================================
2-24-2022 09:27-debug: Start build task, options:{"name":"lamngo-footballStar","platform":"web-mobile","buildPath":"project://build","debug":false,"md5Cache":false,"sourceMaps":false,"replaceSplashScreen":false,"mainBundleCompressionType":"merge_dep","mainBundleIsRemote":false,"mergeStartScene":false,"experimentalEraseModules":false,"compressTexture":true,"packAutoAtlas":true,"startScene":"d9d0e385-3a22-4533-84a8-ac5c27798510","scenes":[{"url":"db://assets/Scene/main.scene","uuid":"d9d0e385-3a22-4533-84a8-ac5c27798510","inBundle":false},{"url":"db://assets/Scene/over.scene","uuid":"05a558c0-8cd8-40fb-84c7-3069f62473ea","inBundle":false}],"outputName":"footballstar","packages":{"web-mobile":{"orientation":"auto","polyfills":{"asyncFunctions":true}},"cocos-service":{"configID":"3996a1","services":[{"service_id":"235","service_component_name":"service-analytics","builder":"/Users/lamngo/.CocosCreator/.service/analytics/builder/builder.js","enable":true,"params":{"app_id":"649769247","store_id":"H5"}}]}}}
2-24-2022 09:27-debug: Build with Cocos Creator 3.3.2
2-24-2022 09:27-debug: // ---- cocos-service:(onBeforeBuild) success ----
2-24-2022 09:27-debug: cocos-service:(onBeforeBuild)3%
2-24-2022 09:27-debug: Query all assets info in project
2-24-2022 09:27-debug: BuildAssetLibrary query-assets with assets 199
2-24-2022 09:27-debug: BuildAssetLibrary initialized with asset 276!
2-24-2022 09:27-debug: web-mobile:(onAfterInit) start...3%
2-24-2022 09:27-debug: // ---- web-mobile:(onAfterInit) ----
2-24-2022 09:27-debug: Process: heapTotal 208.91MB heapUsed 190.43MB rss 320.18MB
2-24-2022 09:27-debug: // ---- web-mobile:(onAfterInit) success ----
2-24-2022 09:27-debug: web-mobile:(onAfterInit)5%
2-24-2022 09:27-debug: Reload project scripts start5%
2-24-2022 09:27-log: // ---- Reload project scripts ----
2-24-2022 09:27-debug: Process: heapTotal 208.91MB heapUsed 190.44MB rss 320.20MB
2-24-2022 09:27-debug: reload all scripts.
2-24-2022 09:27-debug:   Number of all scripts: 4
2-24-2022 09:27-debug:   Number of all scenes: 2
2-24-2022 09:27-debug:   Number of other assets: 296
2-24-2022 09:27-debug: [[Executor]] Module "cce:/internal/x/cc-fu/base" loaded.
2-24-2022 09:27-debug: [[Executor]] Module "cce:/internal/x/cc-fu/2d" loaded.
2-24-2022 09:27-debug: [[Executor]] Module "cce:/internal/x/cc-fu/ui" loaded.
2-24-2022 09:27-debug: [[Executor]] Module "cce:/internal/x/cc-fu/particle" loaded.
2-24-2022 09:27-debug: [[Executor]] Module "cce:/internal/x/cc-fu/particle-2d" loaded.
2-24-2022 09:27-debug: [[Executor]] Module "cce:/internal/x/cc-fu/physics-framework" loaded.
2-24-2022 09:27-debug: [[Executor]] Module "cce:/internal/x/cc-fu/physics-2d-framework" loaded.
2-24-2022 09:27-debug: [[Executor]] Module "cce:/internal/x/cc-fu/intersection-2d" loaded.
2-24-2022 09:27-debug: [[Executor]] Module "cce:/internal/x/cc-fu/primitive" loaded.
2-24-2022 09:27-debug: [[Executor]] Module "cce:/internal/x/cc-fu/profiler" loaded.
2-24-2022 09:27-debug: [[Executor]] Module "cce:/internal/x/cc-fu/audio" loaded.
2-24-2022 09:27-debug: [[Executor]] Module "cce:/internal/x/cc-fu/video" loaded.
2-24-2022 09:27-debug: [[Executor]] Module "cce:/internal/x/cc-fu/terrain" loaded.
2-24-2022 09:27-debug: [[Executor]] Module "cce:/internal/x/cc-fu/webview" loaded.
2-24-2022 09:27-debug: [[Executor]] Module "cce:/internal/x/cc-fu/tween" loaded.
2-24-2022 09:27-debug: [[Executor]] Module "cce:/internal/x/cc-fu/tiled-map" loaded.
2-24-2022 09:27-debug: [[Executor]] Module "cce:/internal/x/cc-fu/spine" loaded.
2-24-2022 09:27-debug: [[Executor]] Module "cce:/internal/x/cc-fu/dragon-bones" loaded.
2-24-2022 09:27-debug: [[Executor]] Module "pack:///mods/cce/internal/x/cc.js" loaded.
2-24-2022 09:27-debug: Invalidating 'pack:///mods/cce/internal/x/cc.js'
2-24-2022 09:27-debug: [[Executor]] Module "pack:///mods/cce/internal/x/prerequisite-imports.js" loaded.
2-24-2022 09:27-debug: [[Executor]] Module "pack:///mods/cce/internal/x/cc.js" loaded.
2-24-2022 09:27-debug: [[Executor]] Register Ball
2-24-2022 09:27-debug: [[Executor]] Module "pack:///mods/fs/0/assets/Scripts/Ball.js" loaded.
2-24-2022 09:27-debug: [[Executor]] Module "cce:/internal/x/cc-fu/3d" loaded.
2-24-2022 09:27-debug: [[Executor]] Register GameController
2-24-2022 09:27-debug: [[Executor]] Module "pack:///mods/fs/0/assets/Scripts/GameController.js" loaded.
2-24-2022 09:27-debug: [[Executor]] Register Crosshair
2-24-2022 09:27-debug: [[Executor]] Module "pack:///mods/fs/0/assets/Scripts/Crosshair.js" loaded.
2-24-2022 09:27-debug: [[Executor]] Register Touch
2-24-2022 09:27-debug: [[Executor]] Module "pack:///mods/fs/0/assets/Scripts/Touch.js" loaded.
2-24-2022 09:27-debug: [[Executor]] Module "pack:///mods/cce/internal/x/prerequisite-imports.js" loaded.
2-24-2022 09:27-debug: Reload project scripts √6%
2-24-2022 09:27-debug: Query asset bundle start6%
2-24-2022 09:27-log: // ---- Query asset bundle ----
2-24-2022 09:27-debug: Process: heapTotal 208.91MB heapUsed 191.86MB rss 320.76MB
2-24-2022 09:27-debug: [[Executor]] Module "cce:/internal/x/cc-fu/gfx-webgl2" loaded.
2-24-2022 09:27-debug: [[Executor]] Module "pack:///mods/cce/internal/code-quality/cr.js" loaded.
2-24-2022 09:27-debug: [[Executor]] Module "cce:/internal/x/cc-fu/gfx-webgl" loaded.
2-24-2022 09:27-debug: Query asset bundle √8%
2-24-2022 09:27-log: // ---- Query and organize assets ----
2-24-2022 09:27-debug: Process: heapTotal 208.91MB heapUsed 191.95MB rss 320.79MB
2-24-2022 09:27-debug: Number of scenes: 2
2-24-2022 09:27-debug: Query and organize assets start8%
2-24-2022 09:27-debug: Number of assets: 26
2-24-2022 09:27-log: // ---- Organize scripts ----
2-24-2022 09:27-debug: Process: heapTotal 208.91MB heapUsed 192.75MB rss 320.91MB
2-24-2022 09:27-debug: sort script group...
2-24-2022 09:27-debug: Organize scripts √10%
2-24-2022 09:27-debug: Organize texture compression tasks start10%
2-24-2022 09:27-log: // ---- Organize texture compression tasks ----
2-24-2022 09:27-debug: Process: heapTotal 208.91MB heapUsed 192.77MB rss 320.91MB
2-24-2022 09:27-debug: Organize scripts start9%
2-24-2022 09:27-debug: Number of asset bundle: 1
2-24-2022 09:27-debug: Query and organize assets √9%
2-24-2022 09:27-debug: Number of image-compress task: 0
2-24-2022 09:27-debug: Organize texture compression tasks √11%
2-24-2022 09:27-debug: Number of json group: 2
2-24-2022 09:27-debug: Group json √12%
2-24-2022 09:27-debug: Merging Texture2D json start12%
2-24-2022 09:27-log: // ---- Merging Texture2D json ----
2-24-2022 09:27-debug: Process: heapTotal 208.91MB heapUsed 192.95MB rss 321.22MB
2-24-2022 09:27-debug: Merging Texture2D json √14%
2-24-2022 09:27-debug:  start14%
2-24-2022 09:27-log: // ----  ----
2-24-2022 09:27-debug: Process: heapTotal 208.91MB heapUsed 192.96MB rss 321.24MB
2-24-2022 09:27-debug:  √15%
2-24-2022 09:27-debug: web-mobile:(onBeforeBuildAssets) start...15%
2-24-2022 09:27-debug: // ---- web-mobile:(onBeforeBuildAssets) ----
2-24-2022 09:27-debug: Process: heapTotal 208.91MB heapUsed 192.98MB rss 321.25MB
2-24-2022 09:27-debug: // ---- web-mobile:(onBeforeBuildAssets) success ----
2-24-2022 09:27-debug: web-mobile:(onBeforeBuildAssets)18%
2-24-2022 09:27-debug:  start18%
2-24-2022 09:27-log: // ----  ----
2-24-2022 09:27-debug: Process: heapTotal 208.91MB heapUsed 192.99MB rss 321.25MB
2-24-2022 09:27-debug: Group json start11%
2-24-2022 09:27-log: // ---- Group json ----
2-24-2022 09:27-debug: Process: heapTotal 208.91MB heapUsed 192.92MB rss 321.21MB
2-24-2022 09:27-debug: Build script18%
2-24-2022 09:27-debug: Process: heapTotal 234.40MB heapUsed 212.85MB rss 349.77MB
2-24-2022 09:27-debug: Copy externalScripts success!
2-24-2022 09:27-debug: Build script√18%
2-24-2022 09:27-debug: Build engine18%
2-24-2022 09:27-debug: Process: heapTotal 225.31MB heapUsed 187.90MB rss 355.96MB
2-24-2022 09:27-debug: Use cache engine: {link(/var/folders/ww/l9gf6zqj2gv298pfxmwysbcm0000gn/T/CocosCreator/3.3.2/builder/engine/ba3b1a8e114688fe6111b8971bf951f4)}
2-24-2022 09:27-debug: {"debug":false,"sourceMaps":false,"includeModules":["base","gfx-webgl","2d","ui","physics-2d-box2d","intersection-2d","profiler","particle-2d","audio","video","webview","tween","tiled-map","spine","dragon-bones"],"engineVersion":"3.3.2","platform":"HTML5","md5Map":[],"engineName":"cocos-js","useCache":true,"split":false,"ammoJsWasm":"fallback","assetURLFormat":"runtime-resolved","entry":"/Applications/CocosCreator/Creator/3.3.2/CocosCreator.app/Contents/Resources/resources/3d/engine"}
2-24-2022 09:27-debug: Build engine√18%
2-24-2022 09:27-debug:  √24%
2-24-2022 09:27-debug: Build auto-atlas start24%
2-24-2022 09:27-log: // ---- Build auto-atlas ----
2-24-2022 09:27-debug: Process: heapTotal 225.31MB heapUsed 189.23MB rss 355.99MB
2-24-2022 09:27-debug: Build auto-atlas √31%
2-24-2022 09:27-debug: Compress Image start31%
2-24-2022 09:27-log: // ---- Compress Image ----
2-24-2022 09:27-debug: Process: heapTotal 225.31MB heapUsed 189.25MB rss 355.99MB
2-24-2022 09:27-debug: Compress Image √37%
2-24-2022 09:27-debug: Copy the resource start37%
2-24-2022 09:27-log: // ---- Copy the resource ----
2-24-2022 09:27-debug: Process: heapTotal 225.31MB heapUsed 189.26MB rss 355.99MB
2-24-2022 09:27-debug: Asset Bundle(main) handle assets: 26
2-24-2022 09:27-debug: Copy the resource √44%
2-24-2022 09:27-debug: Build the grouped json and scatter files to the specified location start44%
2-24-2022 09:27-log: // ---- Build the grouped json and scatter files to the specified location ----
2-24-2022 09:27-debug: Process: heapTotal 225.31MB heapUsed 189.58MB rss 356.03MB
2-24-2022 09:27-debug: Json group(build-task/json) compile success，json number: 6
2-24-2022 09:27-debug: Json group(build-task/json) compile success，json number: 6
2-24-2022 09:27-debug: Build the grouped json and scatter files to the specified location √51%
2-24-2022 09:27-log: // ---- Compress zip bundle ----
2-24-2022 09:27-debug: Add md5 suffix to assets start57%
2-24-2022 09:27-log: // ---- Add md5 suffix to assets ----
2-24-2022 09:27-debug: Process: heapTotal 225.31MB heapUsed 191.35MB rss 356.07MB
2-24-2022 09:27-debug: Add md5 suffix to assets √68%
2-24-2022 09:27-debug: Init settings and config start68%
2-24-2022 09:27-log: // ---- Init settings and config ----
2-24-2022 09:27-debug: Process: heapTotal 225.31MB heapUsed 191.36MB rss 356.07MB
2-24-2022 09:27-debug: Init settings and config √68%
2-24-2022 09:27-debug: tasks.settings.macro does not defined in i18n
2-24-2022 09:27-debug: tasks.settings.macro start68%
2-24-2022 09:27-log: // ---- tasks.settings.macro ----
2-24-2022 09:27-debug: Process: heapTotal 225.31MB heapUsed 191.37MB rss 356.07MB
2-24-2022 09:27-debug: Compress zip bundle start51%
2-24-2022 09:27-debug: Process: heapTotal 225.31MB heapUsed 191.33MB rss 356.07MB
2-24-2022 09:27-debug: Compress zip bundle √57%
2-24-2022 09:27-debug: tasks.settings.macro √69%
2-24-2022 09:27-debug: Use cached settings start69%
2-24-2022 09:27-log: // ---- Use cached settings ----
2-24-2022 09:27-debug: Process: heapTotal 225.31MB heapUsed 191.57MB rss 356.07MB
2-24-2022 09:27-debug: Use cached settings √69%
2-24-2022 09:27-log: // ---- custom joint texture layouts ----
2-24-2022 09:27-debug: custom joint texture layouts start69%
2-24-2022 09:27-debug: Process: heapTotal 225.31MB heapUsed 191.66MB rss 356.08MB
2-24-2022 09:27-debug: custom joint texture layouts √70%
2-24-2022 09:27-log: // ---- custom joint physics ----
2-24-2022 09:27-debug: custom joint physics √70%
2-24-2022 09:27-debug: Fill script data to settings start70%
2-24-2022 09:27-log: // ---- Fill script data to settings ----
2-24-2022 09:27-debug: Process: heapTotal 225.31MB heapUsed 191.73MB rss 356.08MB
2-24-2022 09:27-debug: Fill script data to settings √71%
2-24-2022 09:27-debug: Fill scene data to settings start71%
2-24-2022 09:27-log: // ---- Fill scene data to settings ----
2-24-2022 09:27-debug: Process: heapTotal 225.31MB heapUsed 191.74MB rss 356.08MB
2-24-2022 09:27-debug: Fill scene data to settings √71%
2-24-2022 09:27-debug: Organize assets groups，generate packedAssets and rawAssets data start71%
2-24-2022 09:27-log: // ---- Organize assets groups，generate packedAssets and rawAssets data ----
2-24-2022 09:27-debug: Process: heapTotal 225.31MB heapUsed 191.75MB rss 356.09MB
2-24-2022 09:27-debug: Organize assets groups，generate packedAssets and rawAssets data √72%
2-24-2022 09:27-debug: Generate md5AssetsMap from suffixMap to settings start72%
2-24-2022 09:27-log: // ---- Generate md5AssetsMap from suffixMap to settings ----
2-24-2022 09:27-debug: options.md5Cache is false.
2-24-2022 09:27-debug: web-mobile:(onBeforeCompressSettings) start...72%
2-24-2022 09:27-debug: Generate md5AssetsMap from suffixMap to settings √72%
2-24-2022 09:27-debug: // ---- web-mobile:(onBeforeCompressSettings) ----
2-24-2022 09:27-debug: Process: heapTotal 225.31MB heapUsed 191.78MB rss 356.09MB
2-24-2022 09:27-debug: // ---- web-mobile:(onBeforeCompressSettings) success ----
2-24-2022 09:27-debug: web-mobile:(onBeforeCompressSettings)75%
2-24-2022 09:27-debug: cocos-service:(onBeforeCompressSettings) start...75%
2-24-2022 09:27-debug: // ---- cocos-service:(onBeforeCompressSettings) ----
2-24-2022 09:27-debug: custom joint physics start70%
2-24-2022 09:27-debug: Process: heapTotal 225.31MB heapUsed 191.72MB rss 356.08MB
2-24-2022 09:27-debug: Process: heapTotal 225.31MB heapUsed 191.77MB rss 356.09MB
2-24-2022 09:27-debug: Process: heapTotal 225.31MB heapUsed 191.79MB rss 356.09MB
2-24-2022 09:27-debug: // ---- cocos-service:(onBeforeCompressSettings) success ----
2-24-2022 09:27-debug: cocos-service:(onBeforeCompressSettings)77%
2-24-2022 09:27-debug: Process: heapTotal 225.31MB heapUsed 192.25MB rss 356.10MB
2-24-2022 09:27-debug:  start77%
2-24-2022 09:27-log: // ----  ----
2-24-2022 09:27-debug:  √78%
2-24-2022 09:27-debug: Compress settings.json and config.json √79%
2-24-2022 09:27-debug: Save config.json start79%
2-24-2022 09:27-log: // ---- Save config.json ----
2-24-2022 09:27-debug: Process: heapTotal 225.31MB heapUsed 192.36MB rss 356.10MB
2-24-2022 09:27-debug: Save config.json √80%
2-24-2022 09:27-debug: Save Settings.json start80%
2-24-2022 09:27-log: // ---- Save Settings.json ----
2-24-2022 09:27-debug: Process: heapTotal 225.31MB heapUsed 192.38MB rss 356.10MB
2-24-2022 09:27-debug: Save Settings.json √81%
2-24-2022 09:27-log: // ---- Sort build template ----
2-24-2022 09:27-debug: Sort build template start81%
2-24-2022 09:27-debug: Process: heapTotal 225.31MB heapUsed 192.56MB rss 356.10MB
2-24-2022 09:27-debug: Sort build template √82%
2-24-2022 09:27-debug: cocos-service:(onAfterCompressSettings) start...82%
2-24-2022 09:27-debug: // ---- cocos-service:(onAfterCompressSettings) ----
2-24-2022 09:27-debug: Process: heapTotal 225.31MB heapUsed 191.66MB rss 356.38MB
2-24-2022 09:27-debug: Compress settings.json and config.json start78%
2-24-2022 09:27-log: // ---- Compress settings.json and config.json ----
2-24-2022 09:27-debug: Process: heapTotal 225.31MB heapUsed 192.32MB rss 356.10MB
2-24-2022 09:27-debug: // ---- cocos-service:(onAfterCompressSettings) success ----
2-24-2022 09:27-debug: web-mobile:(onAfterBuild) start...85%
2-24-2022 09:27-debug: cocos-service:(onAfterCompressSettings)85%
2-24-2022 09:27-debug: // ---- web-mobile:(onAfterBuild) ----
2-24-2022 09:27-debug: // ---- web-mobile:(onAfterBuild) success ----
2-24-2022 09:27-debug: Process: heapTotal 225.31MB heapUsed 192.50MB rss 356.41MB
2-24-2022 09:27-debug: web-mobile:(onAfterBuild)87%
2-24-2022 09:27-debug: cocos-service:(onAfterBuild) start...87%
2-24-2022 09:27-debug: // ---- cocos-service:(onAfterBuild) ----
2-24-2022 09:27-debug: Process: heapTotal 225.31MB heapUsed 194.80MB rss 356.42MB
2-24-2022 09:27-debug: // ---- cocos-service:(onAfterBuild) success ----
2-24-2022 09:27-debug: cocos-service:(onAfterBuild)90%
2-24-2022 09:27-debug: build success in 15869 ms!
2-24-2022 09:27-debug: Stop record console. {file(/Users/lamngo/Desktop/Cocos/FootballStar/temp/builder/log/web-mobile2-24-2022 09-27.log)}
