debug: Tue, 17 May 2022 07:49:39 GMT
debug: Project: /Users/lamngo/Desktop/Cocos/FootballStar copy
debug: Targets: editor,preview
debug: Incremental file seems great.
debug: Engine path: /Applications/CocosCreator/Creator/3.4.1/CocosCreator.app/Contents/Resources/resources/3d/engine
debug: Initializing target [Editor]
debug: Loading cache
debug: Loading cache costs 1.9161829948425293ms.
debug: Engine features shipped in editor: base,gfx-webgl,gfx-webgl2,3d,2d,ui,particle,particle-2d,physics-framework,physics-2d-framework,intersection-2d,primitive,profiler,audio,video,terrain,webview,tween,tiled-map,spine,dragon-bones,marionette
debug: Initializing target [Preview]
debug: Loading cache
debug: Loading cache costs 2.6103380024433136ms.
debug: Sync engine features: base,gfx-webgl,2d,ui,physics-2d-box2d,intersection-2d,profiler,particle-2d,audio,video,webview,tween,tiled-map,spine,dragon-bones,marionette
debug: Pulling asset-db.
debug: Fetch asset-db cost: 19.282306015491486ms.
debug: Build iteration starts.
Number of accumulated asset changes: 6
Feature changed: false
debug: Target(editor) build started.
debug: Detected change: cce:/internal/x/cc. Last mtime: Thu Jan 01 1970 08:00:08 GMT+0800 (Indochina Time), Current mtime: Thu Jan 01 1970 08:00:08 GMT+0800 (Indochina Time)
debug: Inspect cce:/internal/x/cc
debug: Resolve cce:/internal/x/cc-fu/base from cce:/internal/x/cc as external dependency cce:/internal/x/cc-fu/base.
debug: Resolve cce:/internal/x/cc-fu/gfx-webgl from cce:/internal/x/cc as external dependency cce:/internal/x/cc-fu/gfx-webgl.
debug: Resolve cce:/internal/x/cc-fu/gfx-webgl2 from cce:/internal/x/cc as external dependency cce:/internal/x/cc-fu/gfx-webgl2.
debug: Resolve cce:/internal/x/cc-fu/3d from cce:/internal/x/cc as external dependency cce:/internal/x/cc-fu/3d.
debug: Resolve cce:/internal/x/cc-fu/2d from cce:/internal/x/cc as external dependency cce:/internal/x/cc-fu/2d.
debug: Resolve cce:/internal/x/cc-fu/ui from cce:/internal/x/cc as external dependency cce:/internal/x/cc-fu/ui.
debug: Resolve cce:/internal/x/cc-fu/particle from cce:/internal/x/cc as external dependency cce:/internal/x/cc-fu/particle.
debug: Resolve cce:/internal/x/cc-fu/particle-2d from cce:/internal/x/cc as external dependency cce:/internal/x/cc-fu/particle-2d.
debug: Resolve cce:/internal/x/cc-fu/physics-framework from cce:/internal/x/cc as external dependency cce:/internal/x/cc-fu/physics-framework.
debug: Resolve cce:/internal/x/cc-fu/physics-2d-framework from cce:/internal/x/cc as external dependency cce:/internal/x/cc-fu/physics-2d-framework.
debug: Resolve cce:/internal/x/cc-fu/intersection-2d from cce:/internal/x/cc as external dependency cce:/internal/x/cc-fu/intersection-2d.
debug: Resolve cce:/internal/x/cc-fu/primitive from cce:/internal/x/cc as external dependency cce:/internal/x/cc-fu/primitive.
debug: Resolve cce:/internal/x/cc-fu/profiler from cce:/internal/x/cc as external dependency cce:/internal/x/cc-fu/profiler.
debug: Resolve cce:/internal/x/cc-fu/audio from cce:/internal/x/cc as external dependency cce:/internal/x/cc-fu/audio.
debug: Resolve cce:/internal/x/cc-fu/video from cce:/internal/x/cc as external dependency cce:/internal/x/cc-fu/video.
debug: Resolve cce:/internal/x/cc-fu/terrain from cce:/internal/x/cc as external dependency cce:/internal/x/cc-fu/terrain.
debug: Resolve cce:/internal/x/cc-fu/webview from cce:/internal/x/cc as external dependency cce:/internal/x/cc-fu/webview.
debug: Resolve cce:/internal/x/cc-fu/tween from cce:/internal/x/cc as external dependency cce:/internal/x/cc-fu/tween.
debug: Resolve cce:/internal/x/cc-fu/tiled-map from cce:/internal/x/cc as external dependency cce:/internal/x/cc-fu/tiled-map.
debug: Resolve cce:/internal/x/cc-fu/spine from cce:/internal/x/cc as external dependency cce:/internal/x/cc-fu/spine.
debug: Resolve cce:/internal/x/cc-fu/dragon-bones from cce:/internal/x/cc as external dependency cce:/internal/x/cc-fu/dragon-bones.
debug: Detected change: cce:/internal/x/prerequisite-imports. Last mtime: Thu Jan 01 1970 08:00:14 GMT+0800 (Indochina Time), Current mtime: Thu Jan 01 1970 08:00:16 GMT+0800 (Indochina Time)
debug: Inspect cce:/internal/x/prerequisite-imports
debug: Resolve file:///Users/lamngo/Desktop/Cocos/FootballStar%20copy/assets/Scripts/BackgroundRolling.ts from cce:/internal/x/prerequisite-imports as file:///Users/lamngo/Desktop/Cocos/FootballStar%20copy/assets/Scripts/BackgroundRolling.ts.
debug: Resolve file:///Users/lamngo/Desktop/Cocos/FootballStar%20copy/assets/Scripts/Ball.ts from cce:/internal/x/prerequisite-imports as file:///Users/lamngo/Desktop/Cocos/FootballStar%20copy/assets/Scripts/Ball.ts.
debug: Resolve file:///Users/lamngo/Desktop/Cocos/FootballStar%20copy/assets/Scripts/Crosshair.ts from cce:/internal/x/prerequisite-imports as file:///Users/lamngo/Desktop/Cocos/FootballStar%20copy/assets/Scripts/Crosshair.ts.
debug: Resolve file:///Users/lamngo/Desktop/Cocos/FootballStar%20copy/assets/Scripts/GameController.ts from cce:/internal/x/prerequisite-imports as file:///Users/lamngo/Desktop/Cocos/FootballStar%20copy/assets/Scripts/GameController.ts.
debug: Resolve file:///Users/lamngo/Desktop/Cocos/FootballStar%20copy/assets/Scripts/Player.ts from cce:/internal/x/prerequisite-imports as file:///Users/lamngo/Desktop/Cocos/FootballStar%20copy/assets/Scripts/Player.ts.
debug: Resolve file:///Users/lamngo/Desktop/Cocos/FootballStar%20copy/assets/Scripts/Touch.ts from cce:/internal/x/prerequisite-imports as file:///Users/lamngo/Desktop/Cocos/FootballStar%20copy/assets/Scripts/Touch.ts.
debug: Detected change: cce:/internal/code-quality/cr.mjs. Last mtime: Thu Mar 24 2022 18:18:59 GMT+0700 (Indochina Time), Current mtime: Tue May 17 2022 14:49:30 GMT+0700 (Indochina Time)
debug: Inspect cce:/internal/code-quality/cr.mjs
debug: Target(editor) ends with cost 150.028273999691ms.
debug: Target(preview) build started.
debug: Detected change: cce:/internal/x/cc. Last mtime: Thu Jan 01 1970 08:00:08 GMT+0800 (Indochina Time), Current mtime: Thu Jan 01 1970 08:00:08 GMT+0800 (Indochina Time)
debug: Inspect cce:/internal/x/cc
debug: Resolve cce:/internal/x/cc-fu/base from cce:/internal/x/cc as external dependency cce:/internal/x/cc-fu/base.
debug: Resolve cce:/internal/x/cc-fu/gfx-webgl from cce:/internal/x/cc as external dependency cce:/internal/x/cc-fu/gfx-webgl.
debug: Resolve cce:/internal/x/cc-fu/2d from cce:/internal/x/cc as external dependency cce:/internal/x/cc-fu/2d.
debug: Resolve cce:/internal/x/cc-fu/ui from cce:/internal/x/cc as external dependency cce:/internal/x/cc-fu/ui.
debug: Resolve cce:/internal/x/cc-fu/physics-2d-box2d from cce:/internal/x/cc as external dependency cce:/internal/x/cc-fu/physics-2d-box2d.
debug: Resolve cce:/internal/x/cc-fu/physics-2d-framework from cce:/internal/x/cc as external dependency cce:/internal/x/cc-fu/physics-2d-framework.
debug: Resolve cce:/internal/x/cc-fu/intersection-2d from cce:/internal/x/cc as external dependency cce:/internal/x/cc-fu/intersection-2d.
debug: Resolve cce:/internal/x/cc-fu/profiler from cce:/internal/x/cc as external dependency cce:/internal/x/cc-fu/profiler.
debug: Resolve cce:/internal/x/cc-fu/particle-2d from cce:/internal/x/cc as external dependency cce:/internal/x/cc-fu/particle-2d.
debug: Resolve cce:/internal/x/cc-fu/audio from cce:/internal/x/cc as external dependency cce:/internal/x/cc-fu/audio.
debug: Resolve cce:/internal/x/cc-fu/video from cce:/internal/x/cc as external dependency cce:/internal/x/cc-fu/video.
debug: Resolve cce:/internal/x/cc-fu/webview from cce:/internal/x/cc as external dependency cce:/internal/x/cc-fu/webview.
debug: Resolve cce:/internal/x/cc-fu/tween from cce:/internal/x/cc as external dependency cce:/internal/x/cc-fu/tween.
debug: Resolve cce:/internal/x/cc-fu/tiled-map from cce:/internal/x/cc as external dependency cce:/internal/x/cc-fu/tiled-map.
debug: Resolve cce:/internal/x/cc-fu/spine from cce:/internal/x/cc as external dependency cce:/internal/x/cc-fu/spine.
debug: Resolve cce:/internal/x/cc-fu/dragon-bones from cce:/internal/x/cc as external dependency cce:/internal/x/cc-fu/dragon-bones.
debug: Detected change: cce:/internal/x/prerequisite-imports. Last mtime: Thu Jan 01 1970 08:00:15 GMT+0800 (Indochina Time), Current mtime: Thu Jan 01 1970 08:00:17 GMT+0800 (Indochina Time)
debug: Inspect cce:/internal/x/prerequisite-imports
debug: Resolve file:///Users/lamngo/Desktop/Cocos/FootballStar%20copy/assets/Scripts/BackgroundRolling.ts from cce:/internal/x/prerequisite-imports as file:///Users/lamngo/Desktop/Cocos/FootballStar%20copy/assets/Scripts/BackgroundRolling.ts.
debug: Resolve file:///Users/lamngo/Desktop/Cocos/FootballStar%20copy/assets/Scripts/Ball.ts from cce:/internal/x/prerequisite-imports as file:///Users/lamngo/Desktop/Cocos/FootballStar%20copy/assets/Scripts/Ball.ts.
debug: Resolve file:///Users/lamngo/Desktop/Cocos/FootballStar%20copy/assets/Scripts/Crosshair.ts from cce:/internal/x/prerequisite-imports as file:///Users/lamngo/Desktop/Cocos/FootballStar%20copy/assets/Scripts/Crosshair.ts.
debug: Resolve file:///Users/lamngo/Desktop/Cocos/FootballStar%20copy/assets/Scripts/GameController.ts from cce:/internal/x/prerequisite-imports as file:///Users/lamngo/Desktop/Cocos/FootballStar%20copy/assets/Scripts/GameController.ts.
debug: Resolve file:///Users/lamngo/Desktop/Cocos/FootballStar%20copy/assets/Scripts/Player.ts from cce:/internal/x/prerequisite-imports as file:///Users/lamngo/Desktop/Cocos/FootballStar%20copy/assets/Scripts/Player.ts.
debug: Resolve file:///Users/lamngo/Desktop/Cocos/FootballStar%20copy/assets/Scripts/Touch.ts from cce:/internal/x/prerequisite-imports as file:///Users/lamngo/Desktop/Cocos/FootballStar%20copy/assets/Scripts/Touch.ts.
debug: Detected change: cce:/internal/code-quality/cr.mjs. Last mtime: Thu Mar 24 2022 18:18:59 GMT+0700 (Indochina Time), Current mtime: Tue May 17 2022 14:49:30 GMT+0700 (Indochina Time)
debug: Inspect cce:/internal/code-quality/cr.mjs
debug: Target(preview) ends with cost 135.93422400951385ms.
